2024-04-02 13:55:27.915 INFO  org.hibernate.validator.internal.util.Version     :21   [32m                  [0;39m HV000001: Hibernate Validator 8.0.1.Final
2024-04-02 13:55:27.962 INFO  com.lan.train.gateway.config.GatewayApplication   :50   [32m                  [0;39m Starting GatewayApplication using Java 17.0.10 with PID 22652 (C:\Users\lanla\Desktop\1\train\gateway\target\classes started by lanla in C:\Users\lanla\Desktop\1\train)
2024-04-02 13:55:27.963 INFO  com.lan.train.gateway.config.GatewayApplication   :654  [32m                  [0;39m No active profile set, falling back to 1 default profile: "default"
2024-04-02 13:55:28.001 INFO  o.s.b.d.env.DevToolsPropertyDefaultsPostProcessor :252  [32m                  [0;39m Devtools property defaults active! Set 'spring.devtools.add-properties' to 'false' to disable
2024-04-02 13:55:28.002 INFO  o.s.b.d.env.DevToolsPropertyDefaultsPostProcessor :252  [32m                  [0;39m For additional web related logging consider setting the 'logging.level.web' property to 'DEBUG'
2024-04-02 13:55:28.597 INFO  o.springframework.cloud.context.scope.GenericScope:282  [32m                  [0;39m BeanFactory id=62c3db31-8170-3c11-8ab9-d4e837ea1884
2024-04-02 13:55:28.835 INFO  o.s.boot.web.embedded.tomcat.TomcatWebServer      :109  [32m                  [0;39m Tomcat initialized with port 8000 (http)
2024-04-02 13:55:28.847 INFO  org.apache.coyote.http11.Http11NioProtocol        :173  [32m                  [0;39m Initializing ProtocolHandler ["http-nio-8000"]
2024-04-02 13:55:28.849 INFO  org.apache.catalina.core.StandardService          :173  [32m                  [0;39m Starting service [Tomcat]
2024-04-02 13:55:28.850 INFO  org.apache.catalina.core.StandardEngine           :173  [32m                  [0;39m Starting Servlet engine: [Apache Tomcat/10.1.19]
2024-04-02 13:55:30.358 INFO  org.springframework.cloud.commons.util.InetUtils  :170  [32m                  [0;39m Cannot determine local hostname
2024-04-02 13:55:30.660 INFO  o.s.c.gateway.route.RouteDefinitionRouteLocator   :89   [32m                  [0;39m Loaded RoutePredicateFactory [After]
2024-04-02 13:55:30.660 INFO  o.s.c.gateway.route.RouteDefinitionRouteLocator   :89   [32m                  [0;39m Loaded RoutePredicateFactory [Before]
2024-04-02 13:55:30.660 INFO  o.s.c.gateway.route.RouteDefinitionRouteLocator   :89   [32m                  [0;39m Loaded RoutePredicateFactory [Between]
2024-04-02 13:55:30.660 INFO  o.s.c.gateway.route.RouteDefinitionRouteLocator   :89   [32m                  [0;39m Loaded RoutePredicateFactory [Cookie]
2024-04-02 13:55:30.661 INFO  o.s.c.gateway.route.RouteDefinitionRouteLocator   :89   [32m                  [0;39m Loaded RoutePredicateFactory [Header]
2024-04-02 13:55:30.661 INFO  o.s.c.gateway.route.RouteDefinitionRouteLocator   :89   [32m                  [0;39m Loaded RoutePredicateFactory [Host]
2024-04-02 13:55:30.661 INFO  o.s.c.gateway.route.RouteDefinitionRouteLocator   :89   [32m                  [0;39m Loaded RoutePredicateFactory [Method]
2024-04-02 13:55:30.661 INFO  o.s.c.gateway.route.RouteDefinitionRouteLocator   :89   [32m                  [0;39m Loaded RoutePredicateFactory [Path]
2024-04-02 13:55:30.661 INFO  o.s.c.gateway.route.RouteDefinitionRouteLocator   :89   [32m                  [0;39m Loaded RoutePredicateFactory [Query]
2024-04-02 13:55:30.661 INFO  o.s.c.gateway.route.RouteDefinitionRouteLocator   :89   [32m                  [0;39m Loaded RoutePredicateFactory [ReadBody]
2024-04-02 13:55:30.661 INFO  o.s.c.gateway.route.RouteDefinitionRouteLocator   :89   [32m                  [0;39m Loaded RoutePredicateFactory [RemoteAddr]
2024-04-02 13:55:30.661 INFO  o.s.c.gateway.route.RouteDefinitionRouteLocator   :89   [32m                  [0;39m Loaded RoutePredicateFactory [XForwardedRemoteAddr]
2024-04-02 13:55:30.661 INFO  o.s.c.gateway.route.RouteDefinitionRouteLocator   :89   [32m                  [0;39m Loaded RoutePredicateFactory [Weight]
2024-04-02 13:55:30.661 INFO  o.s.c.gateway.route.RouteDefinitionRouteLocator   :89   [32m                  [0;39m Loaded RoutePredicateFactory [CloudFoundryRouteService]
2024-04-02 13:55:30.832 WARN  o.s.b.d.autoconfigure.OptionalLiveReloadServer    :62   [32m                  [0;39m Unable to start LiveReload server
2024-04-02 13:55:32.056 INFO  org.springframework.cloud.commons.util.InetUtils  :170  [32m                  [0;39m Cannot determine local hostname
2024-04-02 13:55:32.111 INFO  org.apache.coyote.http11.Http11NioProtocol        :173  [32m                  [0;39m Starting ProtocolHandler ["http-nio-8000"]
2024-04-02 13:55:32.127 INFO  o.s.boot.web.embedded.tomcat.TomcatWebServer      :241  [32m                  [0;39m Tomcat started on port 8000 (http) with context path ''
2024-04-02 13:55:33.365 INFO  org.springframework.cloud.commons.util.InetUtils  :170  [32m                  [0;39m Cannot determine local hostname
2024-04-02 13:55:34.594 INFO  org.springframework.cloud.commons.util.InetUtils  :170  [32m                  [0;39m Cannot determine local hostname
2024-04-02 13:55:34.640 INFO  com.lan.train.gateway.config.GatewayApplication   :56   [32m                  [0;39m Started GatewayApplication in 8.315 seconds (process running for 8.953)
2024-04-02 13:55:34.644 INFO  com.lan.train.gateway.config.GatewayApplication   :18   [32m                  [0;39m start successfully!
2024-04-02 13:55:34.644 INFO  com.lan.train.gateway.config.GatewayApplication   :19   [32m                  [0;39m Gateway Address: 	http://127.0.0.1:8000
2024-04-02 14:00:48.557 INFO  org.hibernate.validator.internal.util.Version     :21   [32m                  [0;39m HV000001: Hibernate Validator 8.0.1.Final
2024-04-02 14:00:48.606 INFO  com.lan.train.gateway.config.GatewayApplication   :50   [32m                  [0;39m Starting GatewayApplication using Java 17.0.10 with PID 7308 (C:\Users\lanla\Desktop\1\train\gateway\target\classes started by lanla in C:\Users\lanla\Desktop\1\train)
2024-04-02 14:00:48.607 INFO  com.lan.train.gateway.config.GatewayApplication   :654  [32m                  [0;39m No active profile set, falling back to 1 default profile: "default"
2024-04-02 14:00:48.646 INFO  o.s.b.d.env.DevToolsPropertyDefaultsPostProcessor :252  [32m                  [0;39m Devtools property defaults active! Set 'spring.devtools.add-properties' to 'false' to disable
2024-04-02 14:00:48.646 INFO  o.s.b.d.env.DevToolsPropertyDefaultsPostProcessor :252  [32m                  [0;39m For additional web related logging consider setting the 'logging.level.web' property to 'DEBUG'
2024-04-02 14:00:49.278 INFO  o.springframework.cloud.context.scope.GenericScope:282  [32m                  [0;39m BeanFactory id=62c3db31-8170-3c11-8ab9-d4e837ea1884
2024-04-02 14:00:49.516 INFO  o.s.boot.web.embedded.tomcat.TomcatWebServer      :109  [32m                  [0;39m Tomcat initialized with port 8000 (http)
2024-04-02 14:00:49.524 INFO  org.apache.coyote.http11.Http11NioProtocol        :173  [32m                  [0;39m Initializing ProtocolHandler ["http-nio-8000"]
2024-04-02 14:00:49.526 INFO  org.apache.catalina.core.StandardService          :173  [32m                  [0;39m Starting service [Tomcat]
2024-04-02 14:00:49.526 INFO  org.apache.catalina.core.StandardEngine           :173  [32m                  [0;39m Starting Servlet engine: [Apache Tomcat/10.1.19]
2024-04-02 14:00:51.020 INFO  org.springframework.cloud.commons.util.InetUtils  :170  [32m                  [0;39m Cannot determine local hostname
2024-04-02 14:00:51.336 INFO  o.s.c.gateway.route.RouteDefinitionRouteLocator   :89   [32m                  [0;39m Loaded RoutePredicateFactory [After]
2024-04-02 14:00:51.337 INFO  o.s.c.gateway.route.RouteDefinitionRouteLocator   :89   [32m                  [0;39m Loaded RoutePredicateFactory [Before]
2024-04-02 14:00:51.337 INFO  o.s.c.gateway.route.RouteDefinitionRouteLocator   :89   [32m                  [0;39m Loaded RoutePredicateFactory [Between]
2024-04-02 14:00:51.337 INFO  o.s.c.gateway.route.RouteDefinitionRouteLocator   :89   [32m                  [0;39m Loaded RoutePredicateFactory [Cookie]
2024-04-02 14:00:51.337 INFO  o.s.c.gateway.route.RouteDefinitionRouteLocator   :89   [32m                  [0;39m Loaded RoutePredicateFactory [Header]
2024-04-02 14:00:51.338 INFO  o.s.c.gateway.route.RouteDefinitionRouteLocator   :89   [32m                  [0;39m Loaded RoutePredicateFactory [Host]
2024-04-02 14:00:51.338 INFO  o.s.c.gateway.route.RouteDefinitionRouteLocator   :89   [32m                  [0;39m Loaded RoutePredicateFactory [Method]
2024-04-02 14:00:51.338 INFO  o.s.c.gateway.route.RouteDefinitionRouteLocator   :89   [32m                  [0;39m Loaded RoutePredicateFactory [Path]
2024-04-02 14:00:51.338 INFO  o.s.c.gateway.route.RouteDefinitionRouteLocator   :89   [32m                  [0;39m Loaded RoutePredicateFactory [Query]
2024-04-02 14:00:51.338 INFO  o.s.c.gateway.route.RouteDefinitionRouteLocator   :89   [32m                  [0;39m Loaded RoutePredicateFactory [ReadBody]
2024-04-02 14:00:51.338 INFO  o.s.c.gateway.route.RouteDefinitionRouteLocator   :89   [32m                  [0;39m Loaded RoutePredicateFactory [RemoteAddr]
2024-04-02 14:00:51.338 INFO  o.s.c.gateway.route.RouteDefinitionRouteLocator   :89   [32m                  [0;39m Loaded RoutePredicateFactory [XForwardedRemoteAddr]
2024-04-02 14:00:51.339 INFO  o.s.c.gateway.route.RouteDefinitionRouteLocator   :89   [32m                  [0;39m Loaded RoutePredicateFactory [Weight]
2024-04-02 14:00:51.339 INFO  o.s.c.gateway.route.RouteDefinitionRouteLocator   :89   [32m                  [0;39m Loaded RoutePredicateFactory [CloudFoundryRouteService]
2024-04-02 14:00:51.533 WARN  o.s.b.d.autoconfigure.OptionalLiveReloadServer    :62   [32m                  [0;39m Unable to start LiveReload server
2024-04-02 14:00:52.752 INFO  org.springframework.cloud.commons.util.InetUtils  :170  [32m                  [0;39m Cannot determine local hostname
2024-04-02 14:00:52.811 INFO  org.apache.coyote.http11.Http11NioProtocol        :173  [32m                  [0;39m Starting ProtocolHandler ["http-nio-8000"]
2024-04-02 14:00:52.828 INFO  o.s.boot.web.embedded.tomcat.TomcatWebServer      :241  [32m                  [0;39m Tomcat started on port 8000 (http) with context path ''
2024-04-02 14:00:54.059 INFO  org.springframework.cloud.commons.util.InetUtils  :170  [32m                  [0;39m Cannot determine local hostname
2024-04-02 14:00:55.272 INFO  org.springframework.cloud.commons.util.InetUtils  :170  [32m                  [0;39m Cannot determine local hostname
2024-04-02 14:00:55.324 INFO  com.lan.train.gateway.config.GatewayApplication   :56   [32m                  [0;39m Started GatewayApplication in 8.4 seconds (process running for 8.997)
2024-04-02 14:00:55.327 INFO  com.lan.train.gateway.config.GatewayApplication   :18   [32m                  [0;39m start successfully!
2024-04-02 14:00:55.328 INFO  com.lan.train.gateway.config.GatewayApplication   :19   [32m                  [0;39m Gateway Address: 	http://127.0.0.1:8000
2024-04-02 14:44:43.543 INFO  org.hibernate.validator.internal.util.Version     :21   [32m                  [0;39m HV000001: Hibernate Validator 8.0.1.Final
2024-04-02 14:44:43.590 INFO  com.lan.train.gateway.config.GatewayApplication   :50   [32m                  [0;39m Starting GatewayApplication using Java 17.0.10 with PID 31712 (C:\Users\lanla\Desktop\1\train\gateway\target\classes started by lanla in C:\Users\lanla\Desktop\1\train)
2024-04-02 14:44:43.591 INFO  com.lan.train.gateway.config.GatewayApplication   :654  [32m                  [0;39m No active profile set, falling back to 1 default profile: "default"
2024-04-02 14:44:43.631 INFO  o.s.b.d.env.DevToolsPropertyDefaultsPostProcessor :252  [32m                  [0;39m Devtools property defaults active! Set 'spring.devtools.add-properties' to 'false' to disable
2024-04-02 14:44:43.631 INFO  o.s.b.d.env.DevToolsPropertyDefaultsPostProcessor :252  [32m                  [0;39m For additional web related logging consider setting the 'logging.level.web' property to 'DEBUG'
2024-04-02 14:44:44.246 INFO  o.springframework.cloud.context.scope.GenericScope:282  [32m                  [0;39m BeanFactory id=62c3db31-8170-3c11-8ab9-d4e837ea1884
2024-04-02 14:44:44.481 INFO  o.s.boot.web.embedded.tomcat.TomcatWebServer      :109  [32m                  [0;39m Tomcat initialized with port 8000 (http)
2024-04-02 14:44:44.489 INFO  org.apache.coyote.http11.Http11NioProtocol        :173  [32m                  [0;39m Initializing ProtocolHandler ["http-nio-8000"]
2024-04-02 14:44:44.491 INFO  org.apache.catalina.core.StandardService          :173  [32m                  [0;39m Starting service [Tomcat]
2024-04-02 14:44:44.491 INFO  org.apache.catalina.core.StandardEngine           :173  [32m                  [0;39m Starting Servlet engine: [Apache Tomcat/10.1.19]
2024-04-02 14:44:45.973 INFO  org.springframework.cloud.commons.util.InetUtils  :170  [32m                  [0;39m Cannot determine local hostname
2024-04-02 14:44:46.302 INFO  o.s.c.gateway.route.RouteDefinitionRouteLocator   :89   [32m                  [0;39m Loaded RoutePredicateFactory [After]
2024-04-02 14:44:46.303 INFO  o.s.c.gateway.route.RouteDefinitionRouteLocator   :89   [32m                  [0;39m Loaded RoutePredicateFactory [Before]
2024-04-02 14:44:46.303 INFO  o.s.c.gateway.route.RouteDefinitionRouteLocator   :89   [32m                  [0;39m Loaded RoutePredicateFactory [Between]
2024-04-02 14:44:46.303 INFO  o.s.c.gateway.route.RouteDefinitionRouteLocator   :89   [32m                  [0;39m Loaded RoutePredicateFactory [Cookie]
2024-04-02 14:44:46.303 INFO  o.s.c.gateway.route.RouteDefinitionRouteLocator   :89   [32m                  [0;39m Loaded RoutePredicateFactory [Header]
2024-04-02 14:44:46.303 INFO  o.s.c.gateway.route.RouteDefinitionRouteLocator   :89   [32m                  [0;39m Loaded RoutePredicateFactory [Host]
2024-04-02 14:44:46.304 INFO  o.s.c.gateway.route.RouteDefinitionRouteLocator   :89   [32m                  [0;39m Loaded RoutePredicateFactory [Method]
2024-04-02 14:44:46.304 INFO  o.s.c.gateway.route.RouteDefinitionRouteLocator   :89   [32m                  [0;39m Loaded RoutePredicateFactory [Path]
2024-04-02 14:44:46.304 INFO  o.s.c.gateway.route.RouteDefinitionRouteLocator   :89   [32m                  [0;39m Loaded RoutePredicateFactory [Query]
2024-04-02 14:44:46.304 INFO  o.s.c.gateway.route.RouteDefinitionRouteLocator   :89   [32m                  [0;39m Loaded RoutePredicateFactory [ReadBody]
2024-04-02 14:44:46.304 INFO  o.s.c.gateway.route.RouteDefinitionRouteLocator   :89   [32m                  [0;39m Loaded RoutePredicateFactory [RemoteAddr]
2024-04-02 14:44:46.304 INFO  o.s.c.gateway.route.RouteDefinitionRouteLocator   :89   [32m                  [0;39m Loaded RoutePredicateFactory [XForwardedRemoteAddr]
2024-04-02 14:44:46.304 INFO  o.s.c.gateway.route.RouteDefinitionRouteLocator   :89   [32m                  [0;39m Loaded RoutePredicateFactory [Weight]
2024-04-02 14:44:46.304 INFO  o.s.c.gateway.route.RouteDefinitionRouteLocator   :89   [32m                  [0;39m Loaded RoutePredicateFactory [CloudFoundryRouteService]
2024-04-02 14:44:46.481 WARN  o.s.b.d.autoconfigure.OptionalLiveReloadServer    :62   [32m                  [0;39m Unable to start LiveReload server
2024-04-02 14:44:47.705 INFO  org.springframework.cloud.commons.util.InetUtils  :170  [32m                  [0;39m Cannot determine local hostname
2024-04-02 14:44:47.756 INFO  org.apache.coyote.http11.Http11NioProtocol        :173  [32m                  [0;39m Starting ProtocolHandler ["http-nio-8000"]
2024-04-02 14:44:47.770 INFO  o.s.boot.web.embedded.tomcat.TomcatWebServer      :241  [32m                  [0;39m Tomcat started on port 8000 (http) with context path ''
2024-04-02 14:44:48.995 INFO  org.springframework.cloud.commons.util.InetUtils  :170  [32m                  [0;39m Cannot determine local hostname
2024-04-02 14:44:50.211 INFO  org.springframework.cloud.commons.util.InetUtils  :170  [32m                  [0;39m Cannot determine local hostname
2024-04-02 14:44:50.258 INFO  com.lan.train.gateway.config.GatewayApplication   :56   [32m                  [0;39m Started GatewayApplication in 8.301 seconds (process running for 8.814)
2024-04-02 14:44:50.261 INFO  com.lan.train.gateway.config.GatewayApplication   :18   [32m                  [0;39m start successfully!
2024-04-02 14:44:50.261 INFO  com.lan.train.gateway.config.GatewayApplication   :19   [32m                  [0;39m Gateway Address: 	http://127.0.0.1:8000
2024-04-02 14:52:03.894 INFO  org.hibernate.validator.internal.util.Version     :21   [32m                  [0;39m HV000001: Hibernate Validator 8.0.1.Final
2024-04-02 14:52:03.941 INFO  com.lan.train.gateway.config.GatewayApplication   :50   [32m                  [0;39m Starting GatewayApplication using Java 17.0.10 with PID 23844 (C:\Users\lanla\Desktop\1\train\gateway\target\classes started by lanla in C:\Users\lanla\Desktop\1\train)
2024-04-02 14:52:03.942 INFO  com.lan.train.gateway.config.GatewayApplication   :654  [32m                  [0;39m No active profile set, falling back to 1 default profile: "default"
2024-04-02 14:52:03.981 INFO  o.s.b.d.env.DevToolsPropertyDefaultsPostProcessor :252  [32m                  [0;39m Devtools property defaults active! Set 'spring.devtools.add-properties' to 'false' to disable
2024-04-02 14:52:03.981 INFO  o.s.b.d.env.DevToolsPropertyDefaultsPostProcessor :252  [32m                  [0;39m For additional web related logging consider setting the 'logging.level.web' property to 'DEBUG'
2024-04-02 14:52:04.603 INFO  o.springframework.cloud.context.scope.GenericScope:282  [32m                  [0;39m BeanFactory id=62c3db31-8170-3c11-8ab9-d4e837ea1884
2024-04-02 14:52:04.824 INFO  o.s.boot.web.embedded.tomcat.TomcatWebServer      :109  [32m                  [0;39m Tomcat initialized with port 8000 (http)
2024-04-02 14:52:04.832 INFO  org.apache.coyote.http11.Http11NioProtocol        :173  [32m                  [0;39m Initializing ProtocolHandler ["http-nio-8000"]
2024-04-02 14:52:04.834 INFO  org.apache.catalina.core.StandardService          :173  [32m                  [0;39m Starting service [Tomcat]
2024-04-02 14:52:04.834 INFO  org.apache.catalina.core.StandardEngine           :173  [32m                  [0;39m Starting Servlet engine: [Apache Tomcat/10.1.19]
2024-04-02 14:52:06.325 INFO  org.springframework.cloud.commons.util.InetUtils  :170  [32m                  [0;39m Cannot determine local hostname
2024-04-02 14:52:06.629 INFO  o.s.c.gateway.route.RouteDefinitionRouteLocator   :89   [32m                  [0;39m Loaded RoutePredicateFactory [After]
2024-04-02 14:52:06.630 INFO  o.s.c.gateway.route.RouteDefinitionRouteLocator   :89   [32m                  [0;39m Loaded RoutePredicateFactory [Before]
2024-04-02 14:52:06.630 INFO  o.s.c.gateway.route.RouteDefinitionRouteLocator   :89   [32m                  [0;39m Loaded RoutePredicateFactory [Between]
2024-04-02 14:52:06.630 INFO  o.s.c.gateway.route.RouteDefinitionRouteLocator   :89   [32m                  [0;39m Loaded RoutePredicateFactory [Cookie]
2024-04-02 14:52:06.631 INFO  o.s.c.gateway.route.RouteDefinitionRouteLocator   :89   [32m                  [0;39m Loaded RoutePredicateFactory [Header]
2024-04-02 14:52:06.631 INFO  o.s.c.gateway.route.RouteDefinitionRouteLocator   :89   [32m                  [0;39m Loaded RoutePredicateFactory [Host]
2024-04-02 14:52:06.631 INFO  o.s.c.gateway.route.RouteDefinitionRouteLocator   :89   [32m                  [0;39m Loaded RoutePredicateFactory [Method]
2024-04-02 14:52:06.631 INFO  o.s.c.gateway.route.RouteDefinitionRouteLocator   :89   [32m                  [0;39m Loaded RoutePredicateFactory [Path]
2024-04-02 14:52:06.631 INFO  o.s.c.gateway.route.RouteDefinitionRouteLocator   :89   [32m                  [0;39m Loaded RoutePredicateFactory [Query]
2024-04-02 14:52:06.631 INFO  o.s.c.gateway.route.RouteDefinitionRouteLocator   :89   [32m                  [0;39m Loaded RoutePredicateFactory [ReadBody]
2024-04-02 14:52:06.631 INFO  o.s.c.gateway.route.RouteDefinitionRouteLocator   :89   [32m                  [0;39m Loaded RoutePredicateFactory [RemoteAddr]
2024-04-02 14:52:06.631 INFO  o.s.c.gateway.route.RouteDefinitionRouteLocator   :89   [32m                  [0;39m Loaded RoutePredicateFactory [XForwardedRemoteAddr]
2024-04-02 14:52:06.632 INFO  o.s.c.gateway.route.RouteDefinitionRouteLocator   :89   [32m                  [0;39m Loaded RoutePredicateFactory [Weight]
2024-04-02 14:52:06.632 INFO  o.s.c.gateway.route.RouteDefinitionRouteLocator   :89   [32m                  [0;39m Loaded RoutePredicateFactory [CloudFoundryRouteService]
2024-04-02 14:52:06.822 WARN  o.s.b.d.autoconfigure.OptionalLiveReloadServer    :62   [32m                  [0;39m Unable to start LiveReload server
2024-04-02 14:52:08.040 INFO  org.springframework.cloud.commons.util.InetUtils  :170  [32m                  [0;39m Cannot determine local hostname
2024-04-02 14:52:08.094 INFO  org.apache.coyote.http11.Http11NioProtocol        :173  [32m                  [0;39m Starting ProtocolHandler ["http-nio-8000"]
2024-04-02 14:52:08.111 INFO  o.s.boot.web.embedded.tomcat.TomcatWebServer      :241  [32m                  [0;39m Tomcat started on port 8000 (http) with context path ''
2024-04-02 14:52:09.336 INFO  org.springframework.cloud.commons.util.InetUtils  :170  [32m                  [0;39m Cannot determine local hostname
2024-04-02 14:52:10.555 INFO  org.springframework.cloud.commons.util.InetUtils  :170  [32m                  [0;39m Cannot determine local hostname
2024-04-02 14:52:10.602 INFO  com.lan.train.gateway.config.GatewayApplication   :56   [32m                  [0;39m Started GatewayApplication in 8.323 seconds (process running for 8.926)
2024-04-02 14:52:10.606 INFO  com.lan.train.gateway.config.GatewayApplication   :18   [32m                  [0;39m start successfully!
2024-04-02 14:52:10.606 INFO  com.lan.train.gateway.config.GatewayApplication   :19   [32m                  [0;39m Gateway Address: 	http://127.0.0.1:8000
2024-04-02 15:15:10.117 INFO  org.hibernate.validator.internal.util.Version     :21   [32m                  [0;39m HV000001: Hibernate Validator 8.0.1.Final
2024-04-02 15:15:10.161 INFO  com.lan.train.gateway.config.GatewayApplication   :50   [32m                  [0;39m Starting GatewayApplication using Java 17.0.10 with PID 28332 (C:\Users\lanla\Desktop\1\train\gateway\target\classes started by lanla in C:\Users\lanla\Desktop\1\train)
2024-04-02 15:15:10.162 INFO  com.lan.train.gateway.config.GatewayApplication   :654  [32m                  [0;39m No active profile set, falling back to 1 default profile: "default"
2024-04-02 15:15:10.201 INFO  o.s.b.d.env.DevToolsPropertyDefaultsPostProcessor :252  [32m                  [0;39m Devtools property defaults active! Set 'spring.devtools.add-properties' to 'false' to disable
2024-04-02 15:15:10.202 INFO  o.s.b.d.env.DevToolsPropertyDefaultsPostProcessor :252  [32m                  [0;39m For additional web related logging consider setting the 'logging.level.web' property to 'DEBUG'
2024-04-02 15:15:10.779 INFO  o.springframework.cloud.context.scope.GenericScope:282  [32m                  [0;39m BeanFactory id=62c3db31-8170-3c11-8ab9-d4e837ea1884
2024-04-02 15:15:11.018 INFO  o.s.boot.web.embedded.tomcat.TomcatWebServer      :109  [32m                  [0;39m Tomcat initialized with port 8000 (http)
2024-04-02 15:15:11.027 INFO  org.apache.coyote.http11.Http11NioProtocol        :173  [32m                  [0;39m Initializing ProtocolHandler ["http-nio-8000"]
2024-04-02 15:15:11.029 INFO  org.apache.catalina.core.StandardService          :173  [32m                  [0;39m Starting service [Tomcat]
2024-04-02 15:15:11.030 INFO  org.apache.catalina.core.StandardEngine           :173  [32m                  [0;39m Starting Servlet engine: [Apache Tomcat/10.1.19]
2024-04-02 15:15:12.514 INFO  org.springframework.cloud.commons.util.InetUtils  :170  [32m                  [0;39m Cannot determine local hostname
2024-04-02 15:15:12.787 INFO  o.s.c.gateway.route.RouteDefinitionRouteLocator   :89   [32m                  [0;39m Loaded RoutePredicateFactory [After]
2024-04-02 15:15:12.787 INFO  o.s.c.gateway.route.RouteDefinitionRouteLocator   :89   [32m                  [0;39m Loaded RoutePredicateFactory [Before]
2024-04-02 15:15:12.787 INFO  o.s.c.gateway.route.RouteDefinitionRouteLocator   :89   [32m                  [0;39m Loaded RoutePredicateFactory [Between]
2024-04-02 15:15:12.787 INFO  o.s.c.gateway.route.RouteDefinitionRouteLocator   :89   [32m                  [0;39m Loaded RoutePredicateFactory [Cookie]
2024-04-02 15:15:12.787 INFO  o.s.c.gateway.route.RouteDefinitionRouteLocator   :89   [32m                  [0;39m Loaded RoutePredicateFactory [Header]
2024-04-02 15:15:12.789 INFO  o.s.c.gateway.route.RouteDefinitionRouteLocator   :89   [32m                  [0;39m Loaded RoutePredicateFactory [Host]
2024-04-02 15:15:12.789 INFO  o.s.c.gateway.route.RouteDefinitionRouteLocator   :89   [32m                  [0;39m Loaded RoutePredicateFactory [Method]
2024-04-02 15:15:12.789 INFO  o.s.c.gateway.route.RouteDefinitionRouteLocator   :89   [32m                  [0;39m Loaded RoutePredicateFactory [Path]
2024-04-02 15:15:12.789 INFO  o.s.c.gateway.route.RouteDefinitionRouteLocator   :89   [32m                  [0;39m Loaded RoutePredicateFactory [Query]
2024-04-02 15:15:12.789 INFO  o.s.c.gateway.route.RouteDefinitionRouteLocator   :89   [32m                  [0;39m Loaded RoutePredicateFactory [ReadBody]
2024-04-02 15:15:12.789 INFO  o.s.c.gateway.route.RouteDefinitionRouteLocator   :89   [32m                  [0;39m Loaded RoutePredicateFactory [RemoteAddr]
2024-04-02 15:15:12.789 INFO  o.s.c.gateway.route.RouteDefinitionRouteLocator   :89   [32m                  [0;39m Loaded RoutePredicateFactory [XForwardedRemoteAddr]
2024-04-02 15:15:12.789 INFO  o.s.c.gateway.route.RouteDefinitionRouteLocator   :89   [32m                  [0;39m Loaded RoutePredicateFactory [Weight]
2024-04-02 15:15:12.790 INFO  o.s.c.gateway.route.RouteDefinitionRouteLocator   :89   [32m                  [0;39m Loaded RoutePredicateFactory [CloudFoundryRouteService]
2024-04-02 15:15:12.949 WARN  o.s.b.d.autoconfigure.OptionalLiveReloadServer    :62   [32m                  [0;39m Unable to start LiveReload server
2024-04-02 15:15:14.170 INFO  org.springframework.cloud.commons.util.InetUtils  :170  [32m                  [0;39m Cannot determine local hostname
2024-04-02 15:15:14.230 INFO  org.apache.coyote.http11.Http11NioProtocol        :173  [32m                  [0;39m Starting ProtocolHandler ["http-nio-8000"]
2024-04-02 15:15:14.246 INFO  o.s.boot.web.embedded.tomcat.TomcatWebServer      :241  [32m                  [0;39m Tomcat started on port 8000 (http) with context path ''
2024-04-02 15:15:15.479 INFO  org.springframework.cloud.commons.util.InetUtils  :170  [32m                  [0;39m Cannot determine local hostname
2024-04-02 15:15:16.725 INFO  org.springframework.cloud.commons.util.InetUtils  :170  [32m                  [0;39m Cannot determine local hostname
2024-04-02 15:15:16.777 INFO  com.lan.train.gateway.config.GatewayApplication   :56   [32m                  [0;39m Started GatewayApplication in 8.3 seconds (process running for 8.869)
2024-04-02 15:15:16.780 INFO  com.lan.train.gateway.config.GatewayApplication   :18   [32m                  [0;39m start successfully!
2024-04-02 15:15:16.781 INFO  com.lan.train.gateway.config.GatewayApplication   :19   [32m                  [0;39m Gateway Address: 	http://127.0.0.1:8000
2024-04-02 15:24:05.306 INFO  org.hibernate.validator.internal.util.Version     :21   [32m                  [0;39m HV000001: Hibernate Validator 8.0.1.Final
2024-04-02 15:24:05.354 INFO  com.lan.train.gateway.config.GatewayApplication   :50   [32m                  [0;39m Starting GatewayApplication using Java 17.0.10 with PID 29564 (C:\Users\lanla\Desktop\1\train\gateway\target\classes started by lanla in C:\Users\lanla\Desktop\1\train)
2024-04-02 15:24:05.355 INFO  com.lan.train.gateway.config.GatewayApplication   :654  [32m                  [0;39m No active profile set, falling back to 1 default profile: "default"
2024-04-02 15:24:05.392 INFO  o.s.b.d.env.DevToolsPropertyDefaultsPostProcessor :252  [32m                  [0;39m Devtools property defaults active! Set 'spring.devtools.add-properties' to 'false' to disable
2024-04-02 15:24:05.392 INFO  o.s.b.d.env.DevToolsPropertyDefaultsPostProcessor :252  [32m                  [0;39m For additional web related logging consider setting the 'logging.level.web' property to 'DEBUG'
2024-04-02 15:24:05.983 INFO  o.springframework.cloud.context.scope.GenericScope:282  [32m                  [0;39m BeanFactory id=62c3db31-8170-3c11-8ab9-d4e837ea1884
2024-04-02 15:24:06.209 INFO  o.s.boot.web.embedded.tomcat.TomcatWebServer      :109  [32m                  [0;39m Tomcat initialized with port 8000 (http)
2024-04-02 15:24:06.219 INFO  org.apache.coyote.http11.Http11NioProtocol        :173  [32m                  [0;39m Initializing ProtocolHandler ["http-nio-8000"]
2024-04-02 15:24:06.220 INFO  org.apache.catalina.core.StandardService          :173  [32m                  [0;39m Starting service [Tomcat]
2024-04-02 15:24:06.220 INFO  org.apache.catalina.core.StandardEngine           :173  [32m                  [0;39m Starting Servlet engine: [Apache Tomcat/10.1.19]
2024-04-02 15:24:07.699 INFO  org.springframework.cloud.commons.util.InetUtils  :170  [32m                  [0;39m Cannot determine local hostname
2024-04-02 15:24:07.978 INFO  o.s.c.gateway.route.RouteDefinitionRouteLocator   :89   [32m                  [0;39m Loaded RoutePredicateFactory [After]
2024-04-02 15:24:07.978 INFO  o.s.c.gateway.route.RouteDefinitionRouteLocator   :89   [32m                  [0;39m Loaded RoutePredicateFactory [Before]
2024-04-02 15:24:07.978 INFO  o.s.c.gateway.route.RouteDefinitionRouteLocator   :89   [32m                  [0;39m Loaded RoutePredicateFactory [Between]
2024-04-02 15:24:07.978 INFO  o.s.c.gateway.route.RouteDefinitionRouteLocator   :89   [32m                  [0;39m Loaded RoutePredicateFactory [Cookie]
2024-04-02 15:24:07.978 INFO  o.s.c.gateway.route.RouteDefinitionRouteLocator   :89   [32m                  [0;39m Loaded RoutePredicateFactory [Header]
2024-04-02 15:24:07.979 INFO  o.s.c.gateway.route.RouteDefinitionRouteLocator   :89   [32m                  [0;39m Loaded RoutePredicateFactory [Host]
2024-04-02 15:24:07.979 INFO  o.s.c.gateway.route.RouteDefinitionRouteLocator   :89   [32m                  [0;39m Loaded RoutePredicateFactory [Method]
2024-04-02 15:24:07.979 INFO  o.s.c.gateway.route.RouteDefinitionRouteLocator   :89   [32m                  [0;39m Loaded RoutePredicateFactory [Path]
2024-04-02 15:24:07.979 INFO  o.s.c.gateway.route.RouteDefinitionRouteLocator   :89   [32m                  [0;39m Loaded RoutePredicateFactory [Query]
2024-04-02 15:24:07.979 INFO  o.s.c.gateway.route.RouteDefinitionRouteLocator   :89   [32m                  [0;39m Loaded RoutePredicateFactory [ReadBody]
2024-04-02 15:24:07.979 INFO  o.s.c.gateway.route.RouteDefinitionRouteLocator   :89   [32m                  [0;39m Loaded RoutePredicateFactory [RemoteAddr]
2024-04-02 15:24:07.979 INFO  o.s.c.gateway.route.RouteDefinitionRouteLocator   :89   [32m                  [0;39m Loaded RoutePredicateFactory [XForwardedRemoteAddr]
2024-04-02 15:24:07.979 INFO  o.s.c.gateway.route.RouteDefinitionRouteLocator   :89   [32m                  [0;39m Loaded RoutePredicateFactory [Weight]
2024-04-02 15:24:07.979 INFO  o.s.c.gateway.route.RouteDefinitionRouteLocator   :89   [32m                  [0;39m Loaded RoutePredicateFactory [CloudFoundryRouteService]
2024-04-02 15:24:08.136 WARN  o.s.b.d.autoconfigure.OptionalLiveReloadServer    :62   [32m                  [0;39m Unable to start LiveReload server
2024-04-02 15:24:09.367 INFO  org.springframework.cloud.commons.util.InetUtils  :170  [32m                  [0;39m Cannot determine local hostname
2024-04-02 15:24:09.411 INFO  org.apache.coyote.http11.Http11NioProtocol        :173  [32m                  [0;39m Starting ProtocolHandler ["http-nio-8000"]
2024-04-02 15:24:09.425 INFO  o.s.boot.web.embedded.tomcat.TomcatWebServer      :241  [32m                  [0;39m Tomcat started on port 8000 (http) with context path ''
2024-04-02 15:24:10.646 INFO  org.springframework.cloud.commons.util.InetUtils  :170  [32m                  [0;39m Cannot determine local hostname
2024-04-02 15:24:11.880 INFO  org.springframework.cloud.commons.util.InetUtils  :170  [32m                  [0;39m Cannot determine local hostname
2024-04-02 15:24:11.923 INFO  com.lan.train.gateway.config.GatewayApplication   :56   [32m                  [0;39m Started GatewayApplication in 8.221 seconds (process running for 8.733)
2024-04-02 15:24:11.926 INFO  com.lan.train.gateway.config.GatewayApplication   :18   [32m                  [0;39m start successfully!
2024-04-02 15:24:11.926 INFO  com.lan.train.gateway.config.GatewayApplication   :19   [32m                  [0;39m Gateway Address: 	http://127.0.0.1:8000
2024-04-02 17:32:24.798 INFO  org.hibernate.validator.internal.util.Version     :21   [32m                  [0;39m HV000001: Hibernate Validator 8.0.1.Final
2024-04-02 17:32:24.846 INFO  com.lan.train.gateway.config.GatewayApplication   :50   [32m                  [0;39m Starting GatewayApplication using Java 17.0.10 with PID 28004 (C:\Users\lanla\Desktop\1\train\gateway\target\classes started by lanla in C:\Users\lanla\Desktop\1\train)
2024-04-02 17:32:24.847 INFO  com.lan.train.gateway.config.GatewayApplication   :654  [32m                  [0;39m No active profile set, falling back to 1 default profile: "default"
2024-04-02 17:32:24.885 INFO  o.s.b.d.env.DevToolsPropertyDefaultsPostProcessor :252  [32m                  [0;39m Devtools property defaults active! Set 'spring.devtools.add-properties' to 'false' to disable
2024-04-02 17:32:24.885 INFO  o.s.b.d.env.DevToolsPropertyDefaultsPostProcessor :252  [32m                  [0;39m For additional web related logging consider setting the 'logging.level.web' property to 'DEBUG'
2024-04-02 17:32:25.491 INFO  o.springframework.cloud.context.scope.GenericScope:282  [32m                  [0;39m BeanFactory id=62c3db31-8170-3c11-8ab9-d4e837ea1884
2024-04-02 17:32:25.723 INFO  o.s.boot.web.embedded.tomcat.TomcatWebServer      :109  [32m                  [0;39m Tomcat initialized with port 8000 (http)
2024-04-02 17:32:25.731 INFO  org.apache.coyote.http11.Http11NioProtocol        :173  [32m                  [0;39m Initializing ProtocolHandler ["http-nio-8000"]
2024-04-02 17:32:25.734 INFO  org.apache.catalina.core.StandardService          :173  [32m                  [0;39m Starting service [Tomcat]
2024-04-02 17:32:25.734 INFO  org.apache.catalina.core.StandardEngine           :173  [32m                  [0;39m Starting Servlet engine: [Apache Tomcat/10.1.19]
2024-04-02 17:32:27.253 INFO  org.springframework.cloud.commons.util.InetUtils  :170  [32m                  [0;39m Cannot determine local hostname
2024-04-02 17:32:27.534 INFO  o.s.c.gateway.route.RouteDefinitionRouteLocator   :89   [32m                  [0;39m Loaded RoutePredicateFactory [After]
2024-04-02 17:32:27.534 INFO  o.s.c.gateway.route.RouteDefinitionRouteLocator   :89   [32m                  [0;39m Loaded RoutePredicateFactory [Before]
2024-04-02 17:32:27.534 INFO  o.s.c.gateway.route.RouteDefinitionRouteLocator   :89   [32m                  [0;39m Loaded RoutePredicateFactory [Between]
2024-04-02 17:32:27.534 INFO  o.s.c.gateway.route.RouteDefinitionRouteLocator   :89   [32m                  [0;39m Loaded RoutePredicateFactory [Cookie]
2024-04-02 17:32:27.534 INFO  o.s.c.gateway.route.RouteDefinitionRouteLocator   :89   [32m                  [0;39m Loaded RoutePredicateFactory [Header]
2024-04-02 17:32:27.535 INFO  o.s.c.gateway.route.RouteDefinitionRouteLocator   :89   [32m                  [0;39m Loaded RoutePredicateFactory [Host]
2024-04-02 17:32:27.535 INFO  o.s.c.gateway.route.RouteDefinitionRouteLocator   :89   [32m                  [0;39m Loaded RoutePredicateFactory [Method]
2024-04-02 17:32:27.535 INFO  o.s.c.gateway.route.RouteDefinitionRouteLocator   :89   [32m                  [0;39m Loaded RoutePredicateFactory [Path]
2024-04-02 17:32:27.535 INFO  o.s.c.gateway.route.RouteDefinitionRouteLocator   :89   [32m                  [0;39m Loaded RoutePredicateFactory [Query]
2024-04-02 17:32:27.535 INFO  o.s.c.gateway.route.RouteDefinitionRouteLocator   :89   [32m                  [0;39m Loaded RoutePredicateFactory [ReadBody]
2024-04-02 17:32:27.535 INFO  o.s.c.gateway.route.RouteDefinitionRouteLocator   :89   [32m                  [0;39m Loaded RoutePredicateFactory [RemoteAddr]
2024-04-02 17:32:27.535 INFO  o.s.c.gateway.route.RouteDefinitionRouteLocator   :89   [32m                  [0;39m Loaded RoutePredicateFactory [XForwardedRemoteAddr]
2024-04-02 17:32:27.535 INFO  o.s.c.gateway.route.RouteDefinitionRouteLocator   :89   [32m                  [0;39m Loaded RoutePredicateFactory [Weight]
2024-04-02 17:32:27.535 INFO  o.s.c.gateway.route.RouteDefinitionRouteLocator   :89   [32m                  [0;39m Loaded RoutePredicateFactory [CloudFoundryRouteService]
2024-04-02 17:32:27.711 WARN  o.s.b.d.autoconfigure.OptionalLiveReloadServer    :62   [32m                  [0;39m Unable to start LiveReload server
2024-04-02 17:32:28.935 INFO  org.springframework.cloud.commons.util.InetUtils  :170  [32m                  [0;39m Cannot determine local hostname
2024-04-02 17:32:28.986 INFO  org.apache.coyote.http11.Http11NioProtocol        :173  [32m                  [0;39m Starting ProtocolHandler ["http-nio-8000"]
2024-04-02 17:32:29.002 INFO  o.s.boot.web.embedded.tomcat.TomcatWebServer      :241  [32m                  [0;39m Tomcat started on port 8000 (http) with context path ''
2024-04-02 17:32:30.231 INFO  org.springframework.cloud.commons.util.InetUtils  :170  [32m                  [0;39m Cannot determine local hostname
2024-04-02 17:32:31.452 INFO  org.springframework.cloud.commons.util.InetUtils  :170  [32m                  [0;39m Cannot determine local hostname
2024-04-02 17:32:31.500 INFO  com.lan.train.gateway.config.GatewayApplication   :56   [32m                  [0;39m Started GatewayApplication in 8.296 seconds (process running for 8.833)
2024-04-02 17:32:31.503 INFO  com.lan.train.gateway.config.GatewayApplication   :18   [32m                  [0;39m start successfully!
2024-04-02 17:32:31.504 INFO  com.lan.train.gateway.config.GatewayApplication   :19   [32m                  [0;39m Gateway Address: 	http://127.0.0.1:8000
2024-04-02 17:59:04.387 INFO  org.hibernate.validator.internal.util.Version     :21   [32m                  [0;39m HV000001: Hibernate Validator 8.0.1.Final
2024-04-02 17:59:04.433 INFO  com.lan.train.gateway.config.GatewayApplication   :50   [32m                  [0;39m Starting GatewayApplication using Java 17.0.10 with PID 25764 (C:\Users\lanla\Desktop\1\train\gateway\target\classes started by lanla in C:\Users\lanla\Desktop\1\train)
2024-04-02 17:59:04.434 INFO  com.lan.train.gateway.config.GatewayApplication   :654  [32m                  [0;39m No active profile set, falling back to 1 default profile: "default"
2024-04-02 17:59:04.471 INFO  o.s.b.d.env.DevToolsPropertyDefaultsPostProcessor :252  [32m                  [0;39m Devtools property defaults active! Set 'spring.devtools.add-properties' to 'false' to disable
2024-04-02 17:59:04.471 INFO  o.s.b.d.env.DevToolsPropertyDefaultsPostProcessor :252  [32m                  [0;39m For additional web related logging consider setting the 'logging.level.web' property to 'DEBUG'
2024-04-02 17:59:05.051 INFO  o.springframework.cloud.context.scope.GenericScope:282  [32m                  [0;39m BeanFactory id=62c3db31-8170-3c11-8ab9-d4e837ea1884
2024-04-02 17:59:05.274 INFO  o.s.boot.web.embedded.tomcat.TomcatWebServer      :109  [32m                  [0;39m Tomcat initialized with port 8000 (http)
2024-04-02 17:59:05.283 INFO  org.apache.coyote.http11.Http11NioProtocol        :173  [32m                  [0;39m Initializing ProtocolHandler ["http-nio-8000"]
2024-04-02 17:59:05.285 INFO  org.apache.catalina.core.StandardService          :173  [32m                  [0;39m Starting service [Tomcat]
2024-04-02 17:59:05.285 INFO  org.apache.catalina.core.StandardEngine           :173  [32m                  [0;39m Starting Servlet engine: [Apache Tomcat/10.1.19]
2024-04-02 17:59:06.786 INFO  org.springframework.cloud.commons.util.InetUtils  :170  [32m                  [0;39m Cannot determine local hostname
2024-04-02 17:59:07.085 INFO  o.s.c.gateway.route.RouteDefinitionRouteLocator   :89   [32m                  [0;39m Loaded RoutePredicateFactory [After]
2024-04-02 17:59:07.086 INFO  o.s.c.gateway.route.RouteDefinitionRouteLocator   :89   [32m                  [0;39m Loaded RoutePredicateFactory [Before]
2024-04-02 17:59:07.086 INFO  o.s.c.gateway.route.RouteDefinitionRouteLocator   :89   [32m                  [0;39m Loaded RoutePredicateFactory [Between]
2024-04-02 17:59:07.086 INFO  o.s.c.gateway.route.RouteDefinitionRouteLocator   :89   [32m                  [0;39m Loaded RoutePredicateFactory [Cookie]
2024-04-02 17:59:07.086 INFO  o.s.c.gateway.route.RouteDefinitionRouteLocator   :89   [32m                  [0;39m Loaded RoutePredicateFactory [Header]
2024-04-02 17:59:07.087 INFO  o.s.c.gateway.route.RouteDefinitionRouteLocator   :89   [32m                  [0;39m Loaded RoutePredicateFactory [Host]
2024-04-02 17:59:07.087 INFO  o.s.c.gateway.route.RouteDefinitionRouteLocator   :89   [32m                  [0;39m Loaded RoutePredicateFactory [Method]
2024-04-02 17:59:07.087 INFO  o.s.c.gateway.route.RouteDefinitionRouteLocator   :89   [32m                  [0;39m Loaded RoutePredicateFactory [Path]
2024-04-02 17:59:07.087 INFO  o.s.c.gateway.route.RouteDefinitionRouteLocator   :89   [32m                  [0;39m Loaded RoutePredicateFactory [Query]
2024-04-02 17:59:07.087 INFO  o.s.c.gateway.route.RouteDefinitionRouteLocator   :89   [32m                  [0;39m Loaded RoutePredicateFactory [ReadBody]
2024-04-02 17:59:07.087 INFO  o.s.c.gateway.route.RouteDefinitionRouteLocator   :89   [32m                  [0;39m Loaded RoutePredicateFactory [RemoteAddr]
2024-04-02 17:59:07.087 INFO  o.s.c.gateway.route.RouteDefinitionRouteLocator   :89   [32m                  [0;39m Loaded RoutePredicateFactory [XForwardedRemoteAddr]
2024-04-02 17:59:07.087 INFO  o.s.c.gateway.route.RouteDefinitionRouteLocator   :89   [32m                  [0;39m Loaded RoutePredicateFactory [Weight]
2024-04-02 17:59:07.087 INFO  o.s.c.gateway.route.RouteDefinitionRouteLocator   :89   [32m                  [0;39m Loaded RoutePredicateFactory [CloudFoundryRouteService]
2024-04-02 17:59:07.270 WARN  o.s.b.d.autoconfigure.OptionalLiveReloadServer    :62   [32m                  [0;39m Unable to start LiveReload server
2024-04-02 17:59:08.495 INFO  org.springframework.cloud.commons.util.InetUtils  :170  [32m                  [0;39m Cannot determine local hostname
2024-04-02 17:59:08.548 INFO  org.apache.coyote.http11.Http11NioProtocol        :173  [32m                  [0;39m Starting ProtocolHandler ["http-nio-8000"]
2024-04-02 17:59:08.565 INFO  o.s.boot.web.embedded.tomcat.TomcatWebServer      :241  [32m                  [0;39m Tomcat started on port 8000 (http) with context path ''
2024-04-02 17:59:09.781 INFO  org.springframework.cloud.commons.util.InetUtils  :170  [32m                  [0;39m Cannot determine local hostname
2024-04-02 17:59:10.993 INFO  org.springframework.cloud.commons.util.InetUtils  :170  [32m                  [0;39m Cannot determine local hostname
2024-04-02 17:59:11.035 INFO  com.lan.train.gateway.config.GatewayApplication   :56   [32m                  [0;39m Started GatewayApplication in 8.324 seconds (process running for 8.883)
2024-04-02 17:59:11.039 INFO  com.lan.train.gateway.config.GatewayApplication   :18   [32m                  [0;39m start successfully!
2024-04-02 17:59:11.039 INFO  com.lan.train.gateway.config.GatewayApplication   :19   [32m                  [0;39m Gateway Address: 	http://127.0.0.1:8000
2024-04-02 18:19:57.201 INFO  org.hibernate.validator.internal.util.Version     :21   [32m                  [0;39m HV000001: Hibernate Validator 8.0.1.Final
2024-04-02 18:19:57.262 INFO  com.lan.train.gateway.config.GatewayApplication   :50   [32m                  [0;39m Starting GatewayApplication using Java 17.0.10 with PID 15504 (C:\Users\lanla\Desktop\1\train\gateway\target\classes started by lanla in C:\Users\lanla\Desktop\1\train)
2024-04-02 18:19:57.263 INFO  com.lan.train.gateway.config.GatewayApplication   :654  [32m                  [0;39m No active profile set, falling back to 1 default profile: "default"
2024-04-02 18:19:57.310 INFO  o.s.b.d.env.DevToolsPropertyDefaultsPostProcessor :252  [32m                  [0;39m Devtools property defaults active! Set 'spring.devtools.add-properties' to 'false' to disable
2024-04-02 18:19:57.311 INFO  o.s.b.d.env.DevToolsPropertyDefaultsPostProcessor :252  [32m                  [0;39m For additional web related logging consider setting the 'logging.level.web' property to 'DEBUG'
2024-04-02 18:19:58.011 INFO  o.springframework.cloud.context.scope.GenericScope:282  [32m                  [0;39m BeanFactory id=62c3db31-8170-3c11-8ab9-d4e837ea1884
2024-04-02 18:19:58.236 INFO  o.s.boot.web.embedded.tomcat.TomcatWebServer      :109  [32m                  [0;39m Tomcat initialized with port 8000 (http)
2024-04-02 18:19:58.247 INFO  org.apache.coyote.http11.Http11NioProtocol        :173  [32m                  [0;39m Initializing ProtocolHandler ["http-nio-8000"]
2024-04-02 18:19:58.249 INFO  org.apache.catalina.core.StandardService          :173  [32m                  [0;39m Starting service [Tomcat]
2024-04-02 18:19:58.249 INFO  org.apache.catalina.core.StandardEngine           :173  [32m                  [0;39m Starting Servlet engine: [Apache Tomcat/10.1.19]
2024-04-02 18:19:59.807 INFO  org.springframework.cloud.commons.util.InetUtils  :170  [32m                  [0;39m Cannot determine local hostname
2024-04-02 18:20:00.095 INFO  o.s.c.gateway.route.RouteDefinitionRouteLocator   :89   [32m                  [0;39m Loaded RoutePredicateFactory [After]
2024-04-02 18:20:00.095 INFO  o.s.c.gateway.route.RouteDefinitionRouteLocator   :89   [32m                  [0;39m Loaded RoutePredicateFactory [Before]
2024-04-02 18:20:00.095 INFO  o.s.c.gateway.route.RouteDefinitionRouteLocator   :89   [32m                  [0;39m Loaded RoutePredicateFactory [Between]
2024-04-02 18:20:00.095 INFO  o.s.c.gateway.route.RouteDefinitionRouteLocator   :89   [32m                  [0;39m Loaded RoutePredicateFactory [Cookie]
2024-04-02 18:20:00.096 INFO  o.s.c.gateway.route.RouteDefinitionRouteLocator   :89   [32m                  [0;39m Loaded RoutePredicateFactory [Header]
2024-04-02 18:20:00.096 INFO  o.s.c.gateway.route.RouteDefinitionRouteLocator   :89   [32m                  [0;39m Loaded RoutePredicateFactory [Host]
2024-04-02 18:20:00.096 INFO  o.s.c.gateway.route.RouteDefinitionRouteLocator   :89   [32m                  [0;39m Loaded RoutePredicateFactory [Method]
2024-04-02 18:20:00.096 INFO  o.s.c.gateway.route.RouteDefinitionRouteLocator   :89   [32m                  [0;39m Loaded RoutePredicateFactory [Path]
2024-04-02 18:20:00.096 INFO  o.s.c.gateway.route.RouteDefinitionRouteLocator   :89   [32m                  [0;39m Loaded RoutePredicateFactory [Query]
2024-04-02 18:20:00.096 INFO  o.s.c.gateway.route.RouteDefinitionRouteLocator   :89   [32m                  [0;39m Loaded RoutePredicateFactory [ReadBody]
2024-04-02 18:20:00.096 INFO  o.s.c.gateway.route.RouteDefinitionRouteLocator   :89   [32m                  [0;39m Loaded RoutePredicateFactory [RemoteAddr]
2024-04-02 18:20:00.096 INFO  o.s.c.gateway.route.RouteDefinitionRouteLocator   :89   [32m                  [0;39m Loaded RoutePredicateFactory [XForwardedRemoteAddr]
2024-04-02 18:20:00.096 INFO  o.s.c.gateway.route.RouteDefinitionRouteLocator   :89   [32m                  [0;39m Loaded RoutePredicateFactory [Weight]
2024-04-02 18:20:00.097 INFO  o.s.c.gateway.route.RouteDefinitionRouteLocator   :89   [32m                  [0;39m Loaded RoutePredicateFactory [CloudFoundryRouteService]
2024-04-02 18:20:00.276 WARN  o.s.b.d.autoconfigure.OptionalLiveReloadServer    :62   [32m                  [0;39m Unable to start LiveReload server
2024-04-02 18:20:01.525 INFO  org.springframework.cloud.commons.util.InetUtils  :170  [32m                  [0;39m Cannot determine local hostname
2024-04-02 18:20:01.566 INFO  org.apache.coyote.http11.Http11NioProtocol        :173  [32m                  [0;39m Starting ProtocolHandler ["http-nio-8000"]
2024-04-02 18:20:01.582 INFO  o.s.boot.web.embedded.tomcat.TomcatWebServer      :241  [32m                  [0;39m Tomcat started on port 8000 (http) with context path ''
2024-04-02 18:20:02.826 INFO  org.springframework.cloud.commons.util.InetUtils  :170  [32m                  [0;39m Cannot determine local hostname
2024-04-02 18:20:04.208 INFO  org.springframework.cloud.commons.util.InetUtils  :170  [32m                  [0;39m Cannot determine local hostname
2024-04-02 18:20:04.308 INFO  com.lan.train.gateway.config.GatewayApplication   :56   [32m                  [0;39m Started GatewayApplication in 8.724 seconds (process running for 9.329)
2024-04-02 18:20:04.315 INFO  com.lan.train.gateway.config.GatewayApplication   :18   [32m                  [0;39m start successfully!
2024-04-02 18:20:04.316 INFO  com.lan.train.gateway.config.GatewayApplication   :19   [32m                  [0;39m Gateway Address: 	http://127.0.0.1:8000
2024-04-02 18:32:51.619 INFO  org.hibernate.validator.internal.util.Version     :21   [32m                  [0;39m HV000001: Hibernate Validator 8.0.1.Final
2024-04-02 18:32:51.667 INFO  com.lan.train.gateway.config.GatewayApplication   :50   [32m                  [0;39m Starting GatewayApplication using Java 17.0.10 with PID 2168 (C:\Users\lanla\Desktop\1\train\gateway\target\classes started by lanla in C:\Users\lanla\Desktop\1\train)
2024-04-02 18:32:51.668 INFO  com.lan.train.gateway.config.GatewayApplication   :654  [32m                  [0;39m No active profile set, falling back to 1 default profile: "default"
2024-04-02 18:32:51.708 INFO  o.s.b.d.env.DevToolsPropertyDefaultsPostProcessor :252  [32m                  [0;39m Devtools property defaults active! Set 'spring.devtools.add-properties' to 'false' to disable
2024-04-02 18:32:51.708 INFO  o.s.b.d.env.DevToolsPropertyDefaultsPostProcessor :252  [32m                  [0;39m For additional web related logging consider setting the 'logging.level.web' property to 'DEBUG'
2024-04-02 18:32:52.356 INFO  o.springframework.cloud.context.scope.GenericScope:282  [32m                  [0;39m BeanFactory id=62c3db31-8170-3c11-8ab9-d4e837ea1884
2024-04-02 18:32:52.588 INFO  o.s.boot.web.embedded.tomcat.TomcatWebServer      :109  [32m                  [0;39m Tomcat initialized with port 8000 (http)
2024-04-02 18:32:52.597 INFO  org.apache.coyote.http11.Http11NioProtocol        :173  [32m                  [0;39m Initializing ProtocolHandler ["http-nio-8000"]
2024-04-02 18:32:52.598 INFO  org.apache.catalina.core.StandardService          :173  [32m                  [0;39m Starting service [Tomcat]
2024-04-02 18:32:52.598 INFO  org.apache.catalina.core.StandardEngine           :173  [32m                  [0;39m Starting Servlet engine: [Apache Tomcat/10.1.19]
2024-04-02 18:32:54.105 INFO  org.springframework.cloud.commons.util.InetUtils  :170  [32m                  [0;39m Cannot determine local hostname
2024-04-02 18:32:54.403 INFO  o.s.c.gateway.route.RouteDefinitionRouteLocator   :89   [32m                  [0;39m Loaded RoutePredicateFactory [After]
2024-04-02 18:32:54.404 INFO  o.s.c.gateway.route.RouteDefinitionRouteLocator   :89   [32m                  [0;39m Loaded RoutePredicateFactory [Before]
2024-04-02 18:32:54.404 INFO  o.s.c.gateway.route.RouteDefinitionRouteLocator   :89   [32m                  [0;39m Loaded RoutePredicateFactory [Between]
2024-04-02 18:32:54.404 INFO  o.s.c.gateway.route.RouteDefinitionRouteLocator   :89   [32m                  [0;39m Loaded RoutePredicateFactory [Cookie]
2024-04-02 18:32:54.405 INFO  o.s.c.gateway.route.RouteDefinitionRouteLocator   :89   [32m                  [0;39m Loaded RoutePredicateFactory [Header]
2024-04-02 18:32:54.405 INFO  o.s.c.gateway.route.RouteDefinitionRouteLocator   :89   [32m                  [0;39m Loaded RoutePredicateFactory [Host]
2024-04-02 18:32:54.405 INFO  o.s.c.gateway.route.RouteDefinitionRouteLocator   :89   [32m                  [0;39m Loaded RoutePredicateFactory [Method]
2024-04-02 18:32:54.405 INFO  o.s.c.gateway.route.RouteDefinitionRouteLocator   :89   [32m                  [0;39m Loaded RoutePredicateFactory [Path]
2024-04-02 18:32:54.405 INFO  o.s.c.gateway.route.RouteDefinitionRouteLocator   :89   [32m                  [0;39m Loaded RoutePredicateFactory [Query]
2024-04-02 18:32:54.405 INFO  o.s.c.gateway.route.RouteDefinitionRouteLocator   :89   [32m                  [0;39m Loaded RoutePredicateFactory [ReadBody]
2024-04-02 18:32:54.405 INFO  o.s.c.gateway.route.RouteDefinitionRouteLocator   :89   [32m                  [0;39m Loaded RoutePredicateFactory [RemoteAddr]
2024-04-02 18:32:54.405 INFO  o.s.c.gateway.route.RouteDefinitionRouteLocator   :89   [32m                  [0;39m Loaded RoutePredicateFactory [XForwardedRemoteAddr]
2024-04-02 18:32:54.405 INFO  o.s.c.gateway.route.RouteDefinitionRouteLocator   :89   [32m                  [0;39m Loaded RoutePredicateFactory [Weight]
2024-04-02 18:32:54.406 INFO  o.s.c.gateway.route.RouteDefinitionRouteLocator   :89   [32m                  [0;39m Loaded RoutePredicateFactory [CloudFoundryRouteService]
2024-04-02 18:32:54.611 WARN  o.s.b.d.autoconfigure.OptionalLiveReloadServer    :62   [32m                  [0;39m Unable to start LiveReload server
2024-04-02 18:32:55.892 INFO  org.springframework.cloud.commons.util.InetUtils  :170  [32m                  [0;39m Cannot determine local hostname
2024-04-02 18:32:55.947 INFO  org.apache.coyote.http11.Http11NioProtocol        :173  [32m                  [0;39m Starting ProtocolHandler ["http-nio-8000"]
2024-04-02 18:32:55.964 INFO  o.s.boot.web.embedded.tomcat.TomcatWebServer      :241  [32m                  [0;39m Tomcat started on port 8000 (http) with context path ''
2024-04-02 18:32:57.174 INFO  org.springframework.cloud.commons.util.InetUtils  :170  [32m                  [0;39m Cannot determine local hostname
2024-04-02 18:32:58.404 INFO  org.springframework.cloud.commons.util.InetUtils  :170  [32m                  [0;39m Cannot determine local hostname
2024-04-02 18:32:58.448 INFO  com.lan.train.gateway.config.GatewayApplication   :56   [32m                  [0;39m Started GatewayApplication in 8.414 seconds (process running for 8.948)
2024-04-02 18:32:58.451 INFO  com.lan.train.gateway.config.GatewayApplication   :18   [32m                  [0;39m start successfully!
2024-04-02 18:32:58.452 INFO  com.lan.train.gateway.config.GatewayApplication   :19   [32m                  [0;39m Gateway Address: 	http://127.0.0.1:8000
