2024-03-31 15:45:24.376 INFO  org.hibernate.validator.internal.util.Version     :21   [32m                  [0;39m HV000001: Hibernate Validator 8.0.1.Final
2024-03-31 15:45:24.429 INFO  c.lan.train.gateway.config.GatewayApplicationTests:50   [32m                  [0;39m Starting GatewayApplicationTests using Java 17.0.10 with PID 21192 (started by lanla in C:\Users\lanla\Desktop\1\train\gateway)
2024-03-31 15:45:24.430 INFO  c.lan.train.gateway.config.GatewayApplicationTests:654  [32m                  [0;39m No active profile set, falling back to 1 default profile: "default"
2024-03-31 15:45:25.307 INFO  o.springframework.cloud.context.scope.GenericScope:282  [32m                  [0;39m BeanFactory id=fa3a6900-69a5-3bd6-ae33-c3c009ae2fff
2024-03-31 15:45:27.012 INFO  org.springframework.cloud.commons.util.InetUtils  :170  [32m                  [0;39m Cannot determine local hostname
2024-03-31 15:45:27.448 INFO  o.s.c.gateway.route.RouteDefinitionRouteLocator   :89   [32m                  [0;39m Loaded RoutePredicateFactory [After]
2024-03-31 15:45:27.449 INFO  o.s.c.gateway.route.RouteDefinitionRouteLocator   :89   [32m                  [0;39m Loaded RoutePredicateFactory [Before]
2024-03-31 15:45:27.449 INFO  o.s.c.gateway.route.RouteDefinitionRouteLocator   :89   [32m                  [0;39m Loaded RoutePredicateFactory [Between]
2024-03-31 15:45:27.449 INFO  o.s.c.gateway.route.RouteDefinitionRouteLocator   :89   [32m                  [0;39m Loaded RoutePredicateFactory [Cookie]
2024-03-31 15:45:27.450 INFO  o.s.c.gateway.route.RouteDefinitionRouteLocator   :89   [32m                  [0;39m Loaded RoutePredicateFactory [Header]
2024-03-31 15:45:27.450 INFO  o.s.c.gateway.route.RouteDefinitionRouteLocator   :89   [32m                  [0;39m Loaded RoutePredicateFactory [Host]
2024-03-31 15:45:27.450 INFO  o.s.c.gateway.route.RouteDefinitionRouteLocator   :89   [32m                  [0;39m Loaded RoutePredicateFactory [Method]
2024-03-31 15:45:27.450 INFO  o.s.c.gateway.route.RouteDefinitionRouteLocator   :89   [32m                  [0;39m Loaded RoutePredicateFactory [Path]
2024-03-31 15:45:27.452 INFO  o.s.c.gateway.route.RouteDefinitionRouteLocator   :89   [32m                  [0;39m Loaded RoutePredicateFactory [Query]
2024-03-31 15:45:27.452 INFO  o.s.c.gateway.route.RouteDefinitionRouteLocator   :89   [32m                  [0;39m Loaded RoutePredicateFactory [ReadBody]
2024-03-31 15:45:27.453 INFO  o.s.c.gateway.route.RouteDefinitionRouteLocator   :89   [32m                  [0;39m Loaded RoutePredicateFactory [RemoteAddr]
2024-03-31 15:45:27.453 INFO  o.s.c.gateway.route.RouteDefinitionRouteLocator   :89   [32m                  [0;39m Loaded RoutePredicateFactory [XForwardedRemoteAddr]
2024-03-31 15:45:27.453 INFO  o.s.c.gateway.route.RouteDefinitionRouteLocator   :89   [32m                  [0;39m Loaded RoutePredicateFactory [Weight]
2024-03-31 15:45:27.453 INFO  o.s.c.gateway.route.RouteDefinitionRouteLocator   :89   [32m                  [0;39m Loaded RoutePredicateFactory [CloudFoundryRouteService]
2024-03-31 15:45:28.967 INFO  org.springframework.cloud.commons.util.InetUtils  :170  [32m                  [0;39m Cannot determine local hostname
2024-03-31 15:45:29.063 INFO  c.lan.train.gateway.config.GatewayApplicationTests:56   [32m                  [0;39m Started GatewayApplicationTests in 6.283 seconds (process running for 7.324)
2024-03-31 16:43:10.354 INFO  org.hibernate.validator.internal.util.Version     :21   [32m                  [0;39m HV000001: Hibernate Validator 8.0.1.Final
2024-03-31 16:43:10.406 INFO  c.lan.train.gateway.config.GatewayApplicationTests:50   [32m                  [0;39m Starting GatewayApplicationTests using Java 17.0.10 with PID 4324 (started by lanla in C:\Users\lanla\Desktop\1\train\gateway)
2024-03-31 16:43:10.408 INFO  c.lan.train.gateway.config.GatewayApplicationTests:654  [32m                  [0;39m No active profile set, falling back to 1 default profile: "default"
2024-03-31 16:43:11.328 INFO  o.springframework.cloud.context.scope.GenericScope:282  [32m                  [0;39m BeanFactory id=fa3a6900-69a5-3bd6-ae33-c3c009ae2fff
2024-03-31 16:43:13.110 INFO  org.springframework.cloud.commons.util.InetUtils  :170  [32m                  [0;39m Cannot determine local hostname
2024-03-31 16:43:13.557 INFO  o.s.c.gateway.route.RouteDefinitionRouteLocator   :89   [32m                  [0;39m Loaded RoutePredicateFactory [After]
2024-03-31 16:43:13.557 INFO  o.s.c.gateway.route.RouteDefinitionRouteLocator   :89   [32m                  [0;39m Loaded RoutePredicateFactory [Before]
2024-03-31 16:43:13.557 INFO  o.s.c.gateway.route.RouteDefinitionRouteLocator   :89   [32m                  [0;39m Loaded RoutePredicateFactory [Between]
2024-03-31 16:43:13.557 INFO  o.s.c.gateway.route.RouteDefinitionRouteLocator   :89   [32m                  [0;39m Loaded RoutePredicateFactory [Cookie]
2024-03-31 16:43:13.558 INFO  o.s.c.gateway.route.RouteDefinitionRouteLocator   :89   [32m                  [0;39m Loaded RoutePredicateFactory [Header]
2024-03-31 16:43:13.558 INFO  o.s.c.gateway.route.RouteDefinitionRouteLocator   :89   [32m                  [0;39m Loaded RoutePredicateFactory [Host]
2024-03-31 16:43:13.559 INFO  o.s.c.gateway.route.RouteDefinitionRouteLocator   :89   [32m                  [0;39m Loaded RoutePredicateFactory [Method]
2024-03-31 16:43:13.559 INFO  o.s.c.gateway.route.RouteDefinitionRouteLocator   :89   [32m                  [0;39m Loaded RoutePredicateFactory [Path]
2024-03-31 16:43:13.560 INFO  o.s.c.gateway.route.RouteDefinitionRouteLocator   :89   [32m                  [0;39m Loaded RoutePredicateFactory [Query]
2024-03-31 16:43:13.560 INFO  o.s.c.gateway.route.RouteDefinitionRouteLocator   :89   [32m                  [0;39m Loaded RoutePredicateFactory [ReadBody]
2024-03-31 16:43:13.560 INFO  o.s.c.gateway.route.RouteDefinitionRouteLocator   :89   [32m                  [0;39m Loaded RoutePredicateFactory [RemoteAddr]
2024-03-31 16:43:13.561 INFO  o.s.c.gateway.route.RouteDefinitionRouteLocator   :89   [32m                  [0;39m Loaded RoutePredicateFactory [XForwardedRemoteAddr]
2024-03-31 16:43:13.562 INFO  o.s.c.gateway.route.RouteDefinitionRouteLocator   :89   [32m                  [0;39m Loaded RoutePredicateFactory [Weight]
2024-03-31 16:43:13.562 INFO  o.s.c.gateway.route.RouteDefinitionRouteLocator   :89   [32m                  [0;39m Loaded RoutePredicateFactory [CloudFoundryRouteService]
2024-03-31 16:43:15.124 INFO  org.springframework.cloud.commons.util.InetUtils  :170  [32m                  [0;39m Cannot determine local hostname
2024-03-31 16:43:15.214 INFO  c.lan.train.gateway.config.GatewayApplicationTests:56   [32m                  [0;39m Started GatewayApplicationTests in 6.475 seconds (process running for 7.409)
2024-03-31 19:15:42.606 INFO  org.hibernate.validator.internal.util.Version     :21   [32m                  [0;39m HV000001: Hibernate Validator 8.0.1.Final
2024-03-31 19:15:42.653 INFO  c.lan.train.gateway.config.GatewayApplicationTests:50   [32m                  [0;39m Starting GatewayApplicationTests using Java 17.0.10 with PID 14612 (started by lanla in C:\Users\lanla\Desktop\1\train\gateway)
2024-03-31 19:15:42.654 INFO  c.lan.train.gateway.config.GatewayApplicationTests:654  [32m                  [0;39m No active profile set, falling back to 1 default profile: "default"
2024-03-31 19:15:43.586 INFO  o.springframework.cloud.context.scope.GenericScope:282  [32m                  [0;39m BeanFactory id=fa3a6900-69a5-3bd6-ae33-c3c009ae2fff
2024-03-31 19:15:45.388 INFO  org.springframework.cloud.commons.util.InetUtils  :170  [32m                  [0;39m Cannot determine local hostname
2024-03-31 19:15:45.845 INFO  o.s.c.gateway.route.RouteDefinitionRouteLocator   :89   [32m                  [0;39m Loaded RoutePredicateFactory [After]
2024-03-31 19:15:45.846 INFO  o.s.c.gateway.route.RouteDefinitionRouteLocator   :89   [32m                  [0;39m Loaded RoutePredicateFactory [Before]
2024-03-31 19:15:45.846 INFO  o.s.c.gateway.route.RouteDefinitionRouteLocator   :89   [32m                  [0;39m Loaded RoutePredicateFactory [Between]
2024-03-31 19:15:45.846 INFO  o.s.c.gateway.route.RouteDefinitionRouteLocator   :89   [32m                  [0;39m Loaded RoutePredicateFactory [Cookie]
2024-03-31 19:15:45.847 INFO  o.s.c.gateway.route.RouteDefinitionRouteLocator   :89   [32m                  [0;39m Loaded RoutePredicateFactory [Header]
2024-03-31 19:15:45.847 INFO  o.s.c.gateway.route.RouteDefinitionRouteLocator   :89   [32m                  [0;39m Loaded RoutePredicateFactory [Host]
2024-03-31 19:15:45.847 INFO  o.s.c.gateway.route.RouteDefinitionRouteLocator   :89   [32m                  [0;39m Loaded RoutePredicateFactory [Method]
2024-03-31 19:15:45.848 INFO  o.s.c.gateway.route.RouteDefinitionRouteLocator   :89   [32m                  [0;39m Loaded RoutePredicateFactory [Path]
2024-03-31 19:15:45.849 INFO  o.s.c.gateway.route.RouteDefinitionRouteLocator   :89   [32m                  [0;39m Loaded RoutePredicateFactory [Query]
2024-03-31 19:15:45.850 INFO  o.s.c.gateway.route.RouteDefinitionRouteLocator   :89   [32m                  [0;39m Loaded RoutePredicateFactory [ReadBody]
2024-03-31 19:15:45.850 INFO  o.s.c.gateway.route.RouteDefinitionRouteLocator   :89   [32m                  [0;39m Loaded RoutePredicateFactory [RemoteAddr]
2024-03-31 19:15:45.850 INFO  o.s.c.gateway.route.RouteDefinitionRouteLocator   :89   [32m                  [0;39m Loaded RoutePredicateFactory [XForwardedRemoteAddr]
2024-03-31 19:15:45.850 INFO  o.s.c.gateway.route.RouteDefinitionRouteLocator   :89   [32m                  [0;39m Loaded RoutePredicateFactory [Weight]
2024-03-31 19:15:45.851 INFO  o.s.c.gateway.route.RouteDefinitionRouteLocator   :89   [32m                  [0;39m Loaded RoutePredicateFactory [CloudFoundryRouteService]
2024-03-31 19:15:47.432 INFO  org.springframework.cloud.commons.util.InetUtils  :170  [32m                  [0;39m Cannot determine local hostname
2024-03-31 19:15:47.536 INFO  c.lan.train.gateway.config.GatewayApplicationTests:56   [32m                  [0;39m Started GatewayApplicationTests in 6.612 seconds (process running for 7.603)
2024-03-31 19:16:12.564 INFO  org.hibernate.validator.internal.util.Version     :21   [32m                  [0;39m HV000001: Hibernate Validator 8.0.1.Final
2024-03-31 19:16:12.621 INFO  c.lan.train.gateway.config.GatewayApplicationTests:50   [32m                  [0;39m Starting GatewayApplicationTests using Java 17.0.10 with PID 3040 (started by lanla in C:\Users\lanla\Desktop\1\train\gateway)
2024-03-31 19:16:12.622 INFO  c.lan.train.gateway.config.GatewayApplicationTests:654  [32m                  [0;39m No active profile set, falling back to 1 default profile: "default"
2024-03-31 19:16:13.636 INFO  o.springframework.cloud.context.scope.GenericScope:282  [32m                  [0;39m BeanFactory id=fa3a6900-69a5-3bd6-ae33-c3c009ae2fff
2024-03-31 19:16:15.539 INFO  org.springframework.cloud.commons.util.InetUtils  :170  [32m                  [0;39m Cannot determine local hostname
2024-03-31 19:16:16.032 INFO  o.s.c.gateway.route.RouteDefinitionRouteLocator   :89   [32m                  [0;39m Loaded RoutePredicateFactory [After]
2024-03-31 19:16:16.033 INFO  o.s.c.gateway.route.RouteDefinitionRouteLocator   :89   [32m                  [0;39m Loaded RoutePredicateFactory [Before]
2024-03-31 19:16:16.033 INFO  o.s.c.gateway.route.RouteDefinitionRouteLocator   :89   [32m                  [0;39m Loaded RoutePredicateFactory [Between]
2024-03-31 19:16:16.033 INFO  o.s.c.gateway.route.RouteDefinitionRouteLocator   :89   [32m                  [0;39m Loaded RoutePredicateFactory [Cookie]
2024-03-31 19:16:16.034 INFO  o.s.c.gateway.route.RouteDefinitionRouteLocator   :89   [32m                  [0;39m Loaded RoutePredicateFactory [Header]
2024-03-31 19:16:16.034 INFO  o.s.c.gateway.route.RouteDefinitionRouteLocator   :89   [32m                  [0;39m Loaded RoutePredicateFactory [Host]
2024-03-31 19:16:16.034 INFO  o.s.c.gateway.route.RouteDefinitionRouteLocator   :89   [32m                  [0;39m Loaded RoutePredicateFactory [Method]
2024-03-31 19:16:16.035 INFO  o.s.c.gateway.route.RouteDefinitionRouteLocator   :89   [32m                  [0;39m Loaded RoutePredicateFactory [Path]
2024-03-31 19:16:16.035 INFO  o.s.c.gateway.route.RouteDefinitionRouteLocator   :89   [32m                  [0;39m Loaded RoutePredicateFactory [Query]
2024-03-31 19:16:16.035 INFO  o.s.c.gateway.route.RouteDefinitionRouteLocator   :89   [32m                  [0;39m Loaded RoutePredicateFactory [ReadBody]
2024-03-31 19:16:16.036 INFO  o.s.c.gateway.route.RouteDefinitionRouteLocator   :89   [32m                  [0;39m Loaded RoutePredicateFactory [RemoteAddr]
2024-03-31 19:16:16.036 INFO  o.s.c.gateway.route.RouteDefinitionRouteLocator   :89   [32m                  [0;39m Loaded RoutePredicateFactory [XForwardedRemoteAddr]
2024-03-31 19:16:16.036 INFO  o.s.c.gateway.route.RouteDefinitionRouteLocator   :89   [32m                  [0;39m Loaded RoutePredicateFactory [Weight]
2024-03-31 19:16:16.036 INFO  o.s.c.gateway.route.RouteDefinitionRouteLocator   :89   [32m                  [0;39m Loaded RoutePredicateFactory [CloudFoundryRouteService]
2024-03-31 19:16:17.646 INFO  org.springframework.cloud.commons.util.InetUtils  :170  [32m                  [0;39m Cannot determine local hostname
2024-03-31 19:16:17.738 INFO  c.lan.train.gateway.config.GatewayApplicationTests:56   [32m                  [0;39m Started GatewayApplicationTests in 6.912 seconds (process running for 8.039)
2024-03-31 19:16:48.262 INFO  org.hibernate.validator.internal.util.Version     :21   [32m                  [0;39m HV000001: Hibernate Validator 8.0.1.Final
2024-03-31 19:16:48.310 INFO  c.lan.train.gateway.config.GatewayApplicationTests:50   [32m                  [0;39m Starting GatewayApplicationTests using Java 17.0.10 with PID 27588 (started by lanla in C:\Users\lanla\Desktop\1\train\gateway)
2024-03-31 19:16:48.312 INFO  c.lan.train.gateway.config.GatewayApplicationTests:654  [32m                  [0;39m No active profile set, falling back to 1 default profile: "default"
2024-03-31 19:16:49.239 INFO  o.springframework.cloud.context.scope.GenericScope:282  [32m                  [0;39m BeanFactory id=fa3a6900-69a5-3bd6-ae33-c3c009ae2fff
2024-03-31 19:16:51.025 INFO  org.springframework.cloud.commons.util.InetUtils  :170  [32m                  [0;39m Cannot determine local hostname
2024-03-31 19:16:51.567 INFO  o.s.c.gateway.route.RouteDefinitionRouteLocator   :89   [32m                  [0;39m Loaded RoutePredicateFactory [After]
2024-03-31 19:16:51.568 INFO  o.s.c.gateway.route.RouteDefinitionRouteLocator   :89   [32m                  [0;39m Loaded RoutePredicateFactory [Before]
2024-03-31 19:16:51.568 INFO  o.s.c.gateway.route.RouteDefinitionRouteLocator   :89   [32m                  [0;39m Loaded RoutePredicateFactory [Between]
2024-03-31 19:16:51.568 INFO  o.s.c.gateway.route.RouteDefinitionRouteLocator   :89   [32m                  [0;39m Loaded RoutePredicateFactory [Cookie]
2024-03-31 19:16:51.568 INFO  o.s.c.gateway.route.RouteDefinitionRouteLocator   :89   [32m                  [0;39m Loaded RoutePredicateFactory [Header]
2024-03-31 19:16:51.569 INFO  o.s.c.gateway.route.RouteDefinitionRouteLocator   :89   [32m                  [0;39m Loaded RoutePredicateFactory [Host]
2024-03-31 19:16:51.569 INFO  o.s.c.gateway.route.RouteDefinitionRouteLocator   :89   [32m                  [0;39m Loaded RoutePredicateFactory [Method]
2024-03-31 19:16:51.570 INFO  o.s.c.gateway.route.RouteDefinitionRouteLocator   :89   [32m                  [0;39m Loaded RoutePredicateFactory [Path]
2024-03-31 19:16:51.570 INFO  o.s.c.gateway.route.RouteDefinitionRouteLocator   :89   [32m                  [0;39m Loaded RoutePredicateFactory [Query]
2024-03-31 19:16:51.571 INFO  o.s.c.gateway.route.RouteDefinitionRouteLocator   :89   [32m                  [0;39m Loaded RoutePredicateFactory [ReadBody]
2024-03-31 19:16:51.571 INFO  o.s.c.gateway.route.RouteDefinitionRouteLocator   :89   [32m                  [0;39m Loaded RoutePredicateFactory [RemoteAddr]
2024-03-31 19:16:51.572 INFO  o.s.c.gateway.route.RouteDefinitionRouteLocator   :89   [32m                  [0;39m Loaded RoutePredicateFactory [XForwardedRemoteAddr]
2024-03-31 19:16:51.572 INFO  o.s.c.gateway.route.RouteDefinitionRouteLocator   :89   [32m                  [0;39m Loaded RoutePredicateFactory [Weight]
2024-03-31 19:16:51.572 INFO  o.s.c.gateway.route.RouteDefinitionRouteLocator   :89   [32m                  [0;39m Loaded RoutePredicateFactory [CloudFoundryRouteService]
2024-03-31 19:16:53.134 INFO  org.springframework.cloud.commons.util.InetUtils  :170  [32m                  [0;39m Cannot determine local hostname
2024-03-31 19:16:53.227 INFO  c.lan.train.gateway.config.GatewayApplicationTests:56   [32m                  [0;39m Started GatewayApplicationTests in 6.639 seconds (process running for 7.727)
2024-03-31 19:17:08.328 INFO  org.hibernate.validator.internal.util.Version     :21   [32m                  [0;39m HV000001: Hibernate Validator 8.0.1.Final
2024-03-31 19:17:08.378 INFO  c.lan.train.gateway.config.GatewayApplicationTests:50   [32m                  [0;39m Starting GatewayApplicationTests using Java 17.0.10 with PID 27000 (started by lanla in C:\Users\lanla\Desktop\1\train\gateway)
2024-03-31 19:17:08.380 INFO  c.lan.train.gateway.config.GatewayApplicationTests:654  [32m                  [0;39m No active profile set, falling back to 1 default profile: "default"
2024-03-31 19:17:09.407 INFO  o.springframework.cloud.context.scope.GenericScope:282  [32m                  [0;39m BeanFactory id=fa3a6900-69a5-3bd6-ae33-c3c009ae2fff
2024-03-31 19:17:11.223 INFO  org.springframework.cloud.commons.util.InetUtils  :170  [32m                  [0;39m Cannot determine local hostname
2024-03-31 19:17:11.776 INFO  o.s.c.gateway.route.RouteDefinitionRouteLocator   :89   [32m                  [0;39m Loaded RoutePredicateFactory [After]
2024-03-31 19:17:11.777 INFO  o.s.c.gateway.route.RouteDefinitionRouteLocator   :89   [32m                  [0;39m Loaded RoutePredicateFactory [Before]
2024-03-31 19:17:11.777 INFO  o.s.c.gateway.route.RouteDefinitionRouteLocator   :89   [32m                  [0;39m Loaded RoutePredicateFactory [Between]
2024-03-31 19:17:11.778 INFO  o.s.c.gateway.route.RouteDefinitionRouteLocator   :89   [32m                  [0;39m Loaded RoutePredicateFactory [Cookie]
2024-03-31 19:17:11.779 INFO  o.s.c.gateway.route.RouteDefinitionRouteLocator   :89   [32m                  [0;39m Loaded RoutePredicateFactory [Header]
2024-03-31 19:17:11.779 INFO  o.s.c.gateway.route.RouteDefinitionRouteLocator   :89   [32m                  [0;39m Loaded RoutePredicateFactory [Host]
2024-03-31 19:17:11.780 INFO  o.s.c.gateway.route.RouteDefinitionRouteLocator   :89   [32m                  [0;39m Loaded RoutePredicateFactory [Method]
2024-03-31 19:17:11.781 INFO  o.s.c.gateway.route.RouteDefinitionRouteLocator   :89   [32m                  [0;39m Loaded RoutePredicateFactory [Path]
2024-03-31 19:17:11.781 INFO  o.s.c.gateway.route.RouteDefinitionRouteLocator   :89   [32m                  [0;39m Loaded RoutePredicateFactory [Query]
2024-03-31 19:17:11.782 INFO  o.s.c.gateway.route.RouteDefinitionRouteLocator   :89   [32m                  [0;39m Loaded RoutePredicateFactory [ReadBody]
2024-03-31 19:17:11.782 INFO  o.s.c.gateway.route.RouteDefinitionRouteLocator   :89   [32m                  [0;39m Loaded RoutePredicateFactory [RemoteAddr]
2024-03-31 19:17:11.783 INFO  o.s.c.gateway.route.RouteDefinitionRouteLocator   :89   [32m                  [0;39m Loaded RoutePredicateFactory [XForwardedRemoteAddr]
2024-03-31 19:17:11.784 INFO  o.s.c.gateway.route.RouteDefinitionRouteLocator   :89   [32m                  [0;39m Loaded RoutePredicateFactory [Weight]
2024-03-31 19:17:11.785 INFO  o.s.c.gateway.route.RouteDefinitionRouteLocator   :89   [32m                  [0;39m Loaded RoutePredicateFactory [CloudFoundryRouteService]
2024-03-31 19:17:13.426 INFO  org.springframework.cloud.commons.util.InetUtils  :170  [32m                  [0;39m Cannot determine local hostname
2024-03-31 19:17:13.576 INFO  c.lan.train.gateway.config.GatewayApplicationTests:56   [32m                  [0;39m Started GatewayApplicationTests in 6.918 seconds (process running for 7.958)
2024-03-31 19:17:18.145 INFO  org.hibernate.validator.internal.util.Version     :21   [32m                  [0;39m HV000001: Hibernate Validator 8.0.1.Final
2024-03-31 19:17:18.193 INFO  c.lan.train.gateway.config.GatewayApplicationTests:50   [32m                  [0;39m Starting GatewayApplicationTests using Java 17.0.10 with PID 29576 (started by lanla in C:\Users\lanla\Desktop\1\train\gateway)
2024-03-31 19:17:18.194 INFO  c.lan.train.gateway.config.GatewayApplicationTests:654  [32m                  [0;39m No active profile set, falling back to 1 default profile: "default"
2024-03-31 19:17:19.182 INFO  o.springframework.cloud.context.scope.GenericScope:282  [32m                  [0;39m BeanFactory id=fa3a6900-69a5-3bd6-ae33-c3c009ae2fff
2024-03-31 19:17:20.980 INFO  org.springframework.cloud.commons.util.InetUtils  :170  [32m                  [0;39m Cannot determine local hostname
2024-03-31 19:17:21.520 INFO  o.s.c.gateway.route.RouteDefinitionRouteLocator   :89   [32m                  [0;39m Loaded RoutePredicateFactory [After]
2024-03-31 19:17:21.521 INFO  o.s.c.gateway.route.RouteDefinitionRouteLocator   :89   [32m                  [0;39m Loaded RoutePredicateFactory [Before]
2024-03-31 19:17:21.522 INFO  o.s.c.gateway.route.RouteDefinitionRouteLocator   :89   [32m                  [0;39m Loaded RoutePredicateFactory [Between]
2024-03-31 19:17:21.522 INFO  o.s.c.gateway.route.RouteDefinitionRouteLocator   :89   [32m                  [0;39m Loaded RoutePredicateFactory [Cookie]
2024-03-31 19:17:21.523 INFO  o.s.c.gateway.route.RouteDefinitionRouteLocator   :89   [32m                  [0;39m Loaded RoutePredicateFactory [Header]
2024-03-31 19:17:21.523 INFO  o.s.c.gateway.route.RouteDefinitionRouteLocator   :89   [32m                  [0;39m Loaded RoutePredicateFactory [Host]
2024-03-31 19:17:21.524 INFO  o.s.c.gateway.route.RouteDefinitionRouteLocator   :89   [32m                  [0;39m Loaded RoutePredicateFactory [Method]
2024-03-31 19:17:21.525 INFO  o.s.c.gateway.route.RouteDefinitionRouteLocator   :89   [32m                  [0;39m Loaded RoutePredicateFactory [Path]
2024-03-31 19:17:21.526 INFO  o.s.c.gateway.route.RouteDefinitionRouteLocator   :89   [32m                  [0;39m Loaded RoutePredicateFactory [Query]
2024-03-31 19:17:21.528 INFO  o.s.c.gateway.route.RouteDefinitionRouteLocator   :89   [32m                  [0;39m Loaded RoutePredicateFactory [ReadBody]
2024-03-31 19:17:21.529 INFO  o.s.c.gateway.route.RouteDefinitionRouteLocator   :89   [32m                  [0;39m Loaded RoutePredicateFactory [RemoteAddr]
2024-03-31 19:17:21.529 INFO  o.s.c.gateway.route.RouteDefinitionRouteLocator   :89   [32m                  [0;39m Loaded RoutePredicateFactory [XForwardedRemoteAddr]
2024-03-31 19:17:21.530 INFO  o.s.c.gateway.route.RouteDefinitionRouteLocator   :89   [32m                  [0;39m Loaded RoutePredicateFactory [Weight]
2024-03-31 19:17:21.531 INFO  o.s.c.gateway.route.RouteDefinitionRouteLocator   :89   [32m                  [0;39m Loaded RoutePredicateFactory [CloudFoundryRouteService]
2024-03-31 19:17:23.234 INFO  org.springframework.cloud.commons.util.InetUtils  :170  [32m                  [0;39m Cannot determine local hostname
2024-03-31 19:17:23.363 INFO  c.lan.train.gateway.config.GatewayApplicationTests:56   [32m                  [0;39m Started GatewayApplicationTests in 6.833 seconds (process running for 7.997)
2024-03-31 19:18:37.192 INFO  org.hibernate.validator.internal.util.Version     :21   [32m                  [0;39m HV000001: Hibernate Validator 8.0.1.Final
2024-03-31 19:18:37.242 INFO  c.lan.train.gateway.config.GatewayApplicationTests:50   [32m                  [0;39m Starting GatewayApplicationTests using Java 17.0.10 with PID 22684 (started by lanla in C:\Users\lanla\Desktop\1\train\gateway)
2024-03-31 19:18:37.244 INFO  c.lan.train.gateway.config.GatewayApplicationTests:654  [32m                  [0;39m No active profile set, falling back to 1 default profile: "default"
2024-03-31 19:18:38.137 INFO  o.springframework.cloud.context.scope.GenericScope:282  [32m                  [0;39m BeanFactory id=fa3a6900-69a5-3bd6-ae33-c3c009ae2fff
2024-03-31 19:18:39.883 INFO  org.springframework.cloud.commons.util.InetUtils  :170  [32m                  [0;39m Cannot determine local hostname
2024-03-31 19:18:40.340 INFO  o.s.c.gateway.route.RouteDefinitionRouteLocator   :89   [32m                  [0;39m Loaded RoutePredicateFactory [After]
2024-03-31 19:18:40.341 INFO  o.s.c.gateway.route.RouteDefinitionRouteLocator   :89   [32m                  [0;39m Loaded RoutePredicateFactory [Before]
2024-03-31 19:18:40.341 INFO  o.s.c.gateway.route.RouteDefinitionRouteLocator   :89   [32m                  [0;39m Loaded RoutePredicateFactory [Between]
2024-03-31 19:18:40.341 INFO  o.s.c.gateway.route.RouteDefinitionRouteLocator   :89   [32m                  [0;39m Loaded RoutePredicateFactory [Cookie]
2024-03-31 19:18:40.342 INFO  o.s.c.gateway.route.RouteDefinitionRouteLocator   :89   [32m                  [0;39m Loaded RoutePredicateFactory [Header]
2024-03-31 19:18:40.343 INFO  o.s.c.gateway.route.RouteDefinitionRouteLocator   :89   [32m                  [0;39m Loaded RoutePredicateFactory [Host]
2024-03-31 19:18:40.343 INFO  o.s.c.gateway.route.RouteDefinitionRouteLocator   :89   [32m                  [0;39m Loaded RoutePredicateFactory [Method]
2024-03-31 19:18:40.344 INFO  o.s.c.gateway.route.RouteDefinitionRouteLocator   :89   [32m                  [0;39m Loaded RoutePredicateFactory [Path]
2024-03-31 19:18:40.344 INFO  o.s.c.gateway.route.RouteDefinitionRouteLocator   :89   [32m                  [0;39m Loaded RoutePredicateFactory [Query]
2024-03-31 19:18:40.344 INFO  o.s.c.gateway.route.RouteDefinitionRouteLocator   :89   [32m                  [0;39m Loaded RoutePredicateFactory [ReadBody]
2024-03-31 19:18:40.345 INFO  o.s.c.gateway.route.RouteDefinitionRouteLocator   :89   [32m                  [0;39m Loaded RoutePredicateFactory [RemoteAddr]
2024-03-31 19:18:40.345 INFO  o.s.c.gateway.route.RouteDefinitionRouteLocator   :89   [32m                  [0;39m Loaded RoutePredicateFactory [XForwardedRemoteAddr]
2024-03-31 19:18:40.345 INFO  o.s.c.gateway.route.RouteDefinitionRouteLocator   :89   [32m                  [0;39m Loaded RoutePredicateFactory [Weight]
2024-03-31 19:18:40.346 INFO  o.s.c.gateway.route.RouteDefinitionRouteLocator   :89   [32m                  [0;39m Loaded RoutePredicateFactory [CloudFoundryRouteService]
2024-03-31 19:18:41.896 INFO  org.springframework.cloud.commons.util.InetUtils  :170  [32m                  [0;39m Cannot determine local hostname
2024-03-31 19:18:41.983 INFO  c.lan.train.gateway.config.GatewayApplicationTests:56   [32m                  [0;39m Started GatewayApplicationTests in 6.408 seconds (process running for 7.366)
2024-03-31 19:21:25.497 INFO  org.hibernate.validator.internal.util.Version     :21   [32m                  [0;39m HV000001: Hibernate Validator 8.0.1.Final
2024-03-31 19:21:25.546 INFO  c.lan.train.gateway.config.GatewayApplicationTests:50   [32m                  [0;39m Starting GatewayApplicationTests using Java 17.0.10 with PID 26308 (started by lanla in C:\Users\lanla\Desktop\1\train\gateway)
2024-03-31 19:21:25.547 INFO  c.lan.train.gateway.config.GatewayApplicationTests:654  [32m                  [0;39m No active profile set, falling back to 1 default profile: "default"
2024-03-31 19:21:26.557 INFO  o.springframework.cloud.context.scope.GenericScope:282  [32m                  [0;39m BeanFactory id=fa3a6900-69a5-3bd6-ae33-c3c009ae2fff
2024-03-31 19:21:28.410 INFO  org.springframework.cloud.commons.util.InetUtils  :170  [32m                  [0;39m Cannot determine local hostname
2024-03-31 19:21:28.863 INFO  o.s.c.gateway.route.RouteDefinitionRouteLocator   :89   [32m                  [0;39m Loaded RoutePredicateFactory [After]
2024-03-31 19:21:28.863 INFO  o.s.c.gateway.route.RouteDefinitionRouteLocator   :89   [32m                  [0;39m Loaded RoutePredicateFactory [Before]
2024-03-31 19:21:28.864 INFO  o.s.c.gateway.route.RouteDefinitionRouteLocator   :89   [32m                  [0;39m Loaded RoutePredicateFactory [Between]
2024-03-31 19:21:28.864 INFO  o.s.c.gateway.route.RouteDefinitionRouteLocator   :89   [32m                  [0;39m Loaded RoutePredicateFactory [Cookie]
2024-03-31 19:21:28.864 INFO  o.s.c.gateway.route.RouteDefinitionRouteLocator   :89   [32m                  [0;39m Loaded RoutePredicateFactory [Header]
2024-03-31 19:21:28.864 INFO  o.s.c.gateway.route.RouteDefinitionRouteLocator   :89   [32m                  [0;39m Loaded RoutePredicateFactory [Host]
2024-03-31 19:21:28.864 INFO  o.s.c.gateway.route.RouteDefinitionRouteLocator   :89   [32m                  [0;39m Loaded RoutePredicateFactory [Method]
2024-03-31 19:21:28.865 INFO  o.s.c.gateway.route.RouteDefinitionRouteLocator   :89   [32m                  [0;39m Loaded RoutePredicateFactory [Path]
2024-03-31 19:21:28.866 INFO  o.s.c.gateway.route.RouteDefinitionRouteLocator   :89   [32m                  [0;39m Loaded RoutePredicateFactory [Query]
2024-03-31 19:21:28.867 INFO  o.s.c.gateway.route.RouteDefinitionRouteLocator   :89   [32m                  [0;39m Loaded RoutePredicateFactory [ReadBody]
2024-03-31 19:21:28.867 INFO  o.s.c.gateway.route.RouteDefinitionRouteLocator   :89   [32m                  [0;39m Loaded RoutePredicateFactory [RemoteAddr]
2024-03-31 19:21:28.868 INFO  o.s.c.gateway.route.RouteDefinitionRouteLocator   :89   [32m                  [0;39m Loaded RoutePredicateFactory [XForwardedRemoteAddr]
2024-03-31 19:21:28.868 INFO  o.s.c.gateway.route.RouteDefinitionRouteLocator   :89   [32m                  [0;39m Loaded RoutePredicateFactory [Weight]
2024-03-31 19:21:28.869 INFO  o.s.c.gateway.route.RouteDefinitionRouteLocator   :89   [32m                  [0;39m Loaded RoutePredicateFactory [CloudFoundryRouteService]
2024-03-31 19:21:30.470 INFO  org.springframework.cloud.commons.util.InetUtils  :170  [32m                  [0;39m Cannot determine local hostname
2024-03-31 19:21:30.563 INFO  c.lan.train.gateway.config.GatewayApplicationTests:56   [32m                  [0;39m Started GatewayApplicationTests in 6.678 seconds (process running for 7.65)
2024-03-31 19:22:30.067 INFO  org.hibernate.validator.internal.util.Version     :21   [32m                  [0;39m HV000001: Hibernate Validator 8.0.1.Final
2024-03-31 19:22:30.124 INFO  c.lan.train.gateway.config.GatewayApplicationTests:50   [32m                  [0;39m Starting GatewayApplicationTests using Java 17.0.10 with PID 20256 (started by lanla in C:\Users\lanla\Desktop\1\train\gateway)
2024-03-31 19:22:30.126 INFO  c.lan.train.gateway.config.GatewayApplicationTests:654  [32m                  [0;39m No active profile set, falling back to 1 default profile: "default"
2024-03-31 19:22:31.052 INFO  o.springframework.cloud.context.scope.GenericScope:282  [32m                  [0;39m BeanFactory id=fa3a6900-69a5-3bd6-ae33-c3c009ae2fff
2024-03-31 19:22:32.930 INFO  org.springframework.cloud.commons.util.InetUtils  :170  [32m                  [0;39m Cannot determine local hostname
2024-03-31 19:22:33.336 INFO  o.s.c.gateway.route.RouteDefinitionRouteLocator   :89   [32m                  [0;39m Loaded RoutePredicateFactory [After]
2024-03-31 19:22:33.337 INFO  o.s.c.gateway.route.RouteDefinitionRouteLocator   :89   [32m                  [0;39m Loaded RoutePredicateFactory [Before]
2024-03-31 19:22:33.337 INFO  o.s.c.gateway.route.RouteDefinitionRouteLocator   :89   [32m                  [0;39m Loaded RoutePredicateFactory [Between]
2024-03-31 19:22:33.337 INFO  o.s.c.gateway.route.RouteDefinitionRouteLocator   :89   [32m                  [0;39m Loaded RoutePredicateFactory [Cookie]
2024-03-31 19:22:33.338 INFO  o.s.c.gateway.route.RouteDefinitionRouteLocator   :89   [32m                  [0;39m Loaded RoutePredicateFactory [Header]
2024-03-31 19:22:33.338 INFO  o.s.c.gateway.route.RouteDefinitionRouteLocator   :89   [32m                  [0;39m Loaded RoutePredicateFactory [Host]
2024-03-31 19:22:33.339 INFO  o.s.c.gateway.route.RouteDefinitionRouteLocator   :89   [32m                  [0;39m Loaded RoutePredicateFactory [Method]
2024-03-31 19:22:33.339 INFO  o.s.c.gateway.route.RouteDefinitionRouteLocator   :89   [32m                  [0;39m Loaded RoutePredicateFactory [Path]
2024-03-31 19:22:33.340 INFO  o.s.c.gateway.route.RouteDefinitionRouteLocator   :89   [32m                  [0;39m Loaded RoutePredicateFactory [Query]
2024-03-31 19:22:33.340 INFO  o.s.c.gateway.route.RouteDefinitionRouteLocator   :89   [32m                  [0;39m Loaded RoutePredicateFactory [ReadBody]
2024-03-31 19:22:33.341 INFO  o.s.c.gateway.route.RouteDefinitionRouteLocator   :89   [32m                  [0;39m Loaded RoutePredicateFactory [RemoteAddr]
2024-03-31 19:22:33.341 INFO  o.s.c.gateway.route.RouteDefinitionRouteLocator   :89   [32m                  [0;39m Loaded RoutePredicateFactory [XForwardedRemoteAddr]
2024-03-31 19:22:33.341 INFO  o.s.c.gateway.route.RouteDefinitionRouteLocator   :89   [32m                  [0;39m Loaded RoutePredicateFactory [Weight]
2024-03-31 19:22:33.342 INFO  o.s.c.gateway.route.RouteDefinitionRouteLocator   :89   [32m                  [0;39m Loaded RoutePredicateFactory [CloudFoundryRouteService]
2024-03-31 19:22:34.864 INFO  org.springframework.cloud.commons.util.InetUtils  :170  [32m                  [0;39m Cannot determine local hostname
2024-03-31 19:22:35.028 INFO  c.lan.train.gateway.config.GatewayApplicationTests:56   [32m                  [0;39m Started GatewayApplicationTests in 6.636 seconds (process running for 7.676)
2024-03-31 19:28:42.511 INFO  org.hibernate.validator.internal.util.Version     :21   [32m                  [0;39m HV000001: Hibernate Validator 8.0.1.Final
2024-03-31 19:28:42.573 INFO  c.lan.train.gateway.config.GatewayApplicationTests:50   [32m                  [0;39m Starting GatewayApplicationTests using Java 17.0.10 with PID 26128 (started by lanla in C:\Users\lanla\Desktop\1\train\gateway)
2024-03-31 19:28:42.574 INFO  c.lan.train.gateway.config.GatewayApplicationTests:654  [32m                  [0;39m No active profile set, falling back to 1 default profile: "default"
2024-03-31 19:28:43.523 INFO  o.springframework.cloud.context.scope.GenericScope:282  [32m                  [0;39m BeanFactory id=fa3a6900-69a5-3bd6-ae33-c3c009ae2fff
2024-03-31 19:28:45.489 INFO  org.springframework.cloud.commons.util.InetUtils  :170  [32m                  [0;39m Cannot determine local hostname
2024-03-31 19:28:45.894 INFO  o.s.c.gateway.route.RouteDefinitionRouteLocator   :89   [32m                  [0;39m Loaded RoutePredicateFactory [After]
2024-03-31 19:28:45.896 INFO  o.s.c.gateway.route.RouteDefinitionRouteLocator   :89   [32m                  [0;39m Loaded RoutePredicateFactory [Before]
2024-03-31 19:28:45.896 INFO  o.s.c.gateway.route.RouteDefinitionRouteLocator   :89   [32m                  [0;39m Loaded RoutePredicateFactory [Between]
2024-03-31 19:28:45.896 INFO  o.s.c.gateway.route.RouteDefinitionRouteLocator   :89   [32m                  [0;39m Loaded RoutePredicateFactory [Cookie]
2024-03-31 19:28:45.897 INFO  o.s.c.gateway.route.RouteDefinitionRouteLocator   :89   [32m                  [0;39m Loaded RoutePredicateFactory [Header]
2024-03-31 19:28:45.897 INFO  o.s.c.gateway.route.RouteDefinitionRouteLocator   :89   [32m                  [0;39m Loaded RoutePredicateFactory [Host]
2024-03-31 19:28:45.898 INFO  o.s.c.gateway.route.RouteDefinitionRouteLocator   :89   [32m                  [0;39m Loaded RoutePredicateFactory [Method]
2024-03-31 19:28:45.898 INFO  o.s.c.gateway.route.RouteDefinitionRouteLocator   :89   [32m                  [0;39m Loaded RoutePredicateFactory [Path]
2024-03-31 19:28:45.899 INFO  o.s.c.gateway.route.RouteDefinitionRouteLocator   :89   [32m                  [0;39m Loaded RoutePredicateFactory [Query]
2024-03-31 19:28:45.899 INFO  o.s.c.gateway.route.RouteDefinitionRouteLocator   :89   [32m                  [0;39m Loaded RoutePredicateFactory [ReadBody]
2024-03-31 19:28:45.900 INFO  o.s.c.gateway.route.RouteDefinitionRouteLocator   :89   [32m                  [0;39m Loaded RoutePredicateFactory [RemoteAddr]
2024-03-31 19:28:45.900 INFO  o.s.c.gateway.route.RouteDefinitionRouteLocator   :89   [32m                  [0;39m Loaded RoutePredicateFactory [XForwardedRemoteAddr]
2024-03-31 19:28:45.900 INFO  o.s.c.gateway.route.RouteDefinitionRouteLocator   :89   [32m                  [0;39m Loaded RoutePredicateFactory [Weight]
2024-03-31 19:28:45.900 INFO  o.s.c.gateway.route.RouteDefinitionRouteLocator   :89   [32m                  [0;39m Loaded RoutePredicateFactory [CloudFoundryRouteService]
2024-03-31 19:28:47.408 INFO  org.springframework.cloud.commons.util.InetUtils  :170  [32m                  [0;39m Cannot determine local hostname
2024-03-31 19:28:47.512 INFO  c.lan.train.gateway.config.GatewayApplicationTests:56   [32m                  [0;39m Started GatewayApplicationTests in 6.719 seconds (process running for 7.664)
2024-03-31 19:30:27.470 INFO  org.hibernate.validator.internal.util.Version     :21   [32m                  [0;39m HV000001: Hibernate Validator 8.0.1.Final
2024-03-31 19:30:27.521 INFO  c.lan.train.gateway.config.GatewayApplicationTests:50   [32m                  [0;39m Starting GatewayApplicationTests using Java 17.0.10 with PID 18300 (started by lanla in C:\Users\lanla\Desktop\1\train\gateway)
2024-03-31 19:30:27.523 INFO  c.lan.train.gateway.config.GatewayApplicationTests:654  [32m                  [0;39m No active profile set, falling back to 1 default profile: "default"
2024-03-31 19:30:28.436 INFO  o.springframework.cloud.context.scope.GenericScope:282  [32m                  [0;39m BeanFactory id=fa3a6900-69a5-3bd6-ae33-c3c009ae2fff
2024-03-31 19:30:30.264 INFO  org.springframework.cloud.commons.util.InetUtils  :170  [32m                  [0;39m Cannot determine local hostname
2024-03-31 19:30:30.688 INFO  o.s.c.gateway.route.RouteDefinitionRouteLocator   :89   [32m                  [0;39m Loaded RoutePredicateFactory [After]
2024-03-31 19:30:30.689 INFO  o.s.c.gateway.route.RouteDefinitionRouteLocator   :89   [32m                  [0;39m Loaded RoutePredicateFactory [Before]
2024-03-31 19:30:30.689 INFO  o.s.c.gateway.route.RouteDefinitionRouteLocator   :89   [32m                  [0;39m Loaded RoutePredicateFactory [Between]
2024-03-31 19:30:30.689 INFO  o.s.c.gateway.route.RouteDefinitionRouteLocator   :89   [32m                  [0;39m Loaded RoutePredicateFactory [Cookie]
2024-03-31 19:30:30.689 INFO  o.s.c.gateway.route.RouteDefinitionRouteLocator   :89   [32m                  [0;39m Loaded RoutePredicateFactory [Header]
2024-03-31 19:30:30.690 INFO  o.s.c.gateway.route.RouteDefinitionRouteLocator   :89   [32m                  [0;39m Loaded RoutePredicateFactory [Host]
2024-03-31 19:30:30.690 INFO  o.s.c.gateway.route.RouteDefinitionRouteLocator   :89   [32m                  [0;39m Loaded RoutePredicateFactory [Method]
2024-03-31 19:30:30.690 INFO  o.s.c.gateway.route.RouteDefinitionRouteLocator   :89   [32m                  [0;39m Loaded RoutePredicateFactory [Path]
2024-03-31 19:30:30.691 INFO  o.s.c.gateway.route.RouteDefinitionRouteLocator   :89   [32m                  [0;39m Loaded RoutePredicateFactory [Query]
2024-03-31 19:30:30.692 INFO  o.s.c.gateway.route.RouteDefinitionRouteLocator   :89   [32m                  [0;39m Loaded RoutePredicateFactory [ReadBody]
2024-03-31 19:30:30.692 INFO  o.s.c.gateway.route.RouteDefinitionRouteLocator   :89   [32m                  [0;39m Loaded RoutePredicateFactory [RemoteAddr]
2024-03-31 19:30:30.692 INFO  o.s.c.gateway.route.RouteDefinitionRouteLocator   :89   [32m                  [0;39m Loaded RoutePredicateFactory [XForwardedRemoteAddr]
2024-03-31 19:30:30.693 INFO  o.s.c.gateway.route.RouteDefinitionRouteLocator   :89   [32m                  [0;39m Loaded RoutePredicateFactory [Weight]
2024-03-31 19:30:30.693 INFO  o.s.c.gateway.route.RouteDefinitionRouteLocator   :89   [32m                  [0;39m Loaded RoutePredicateFactory [CloudFoundryRouteService]
2024-03-31 19:30:32.226 INFO  org.springframework.cloud.commons.util.InetUtils  :170  [32m                  [0;39m Cannot determine local hostname
2024-03-31 19:30:32.326 INFO  c.lan.train.gateway.config.GatewayApplicationTests:56   [32m                  [0;39m Started GatewayApplicationTests in 6.477 seconds (process running for 7.415)
2024-03-31 19:45:47.775 INFO  org.hibernate.validator.internal.util.Version     :21   [32m                  [0;39m HV000001: Hibernate Validator 8.0.1.Final
2024-03-31 19:45:47.819 INFO  c.lan.train.gateway.config.GatewayApplicationTests:50   [32m                  [0;39m Starting GatewayApplicationTests using Java 17.0.10 with PID 17992 (started by lanla in C:\Users\lanla\Desktop\1\train\gateway)
2024-03-31 19:45:47.820 INFO  c.lan.train.gateway.config.GatewayApplicationTests:654  [32m                  [0;39m No active profile set, falling back to 1 default profile: "default"
2024-03-31 19:45:48.751 INFO  o.springframework.cloud.context.scope.GenericScope:282  [32m                  [0;39m BeanFactory id=fa3a6900-69a5-3bd6-ae33-c3c009ae2fff
2024-03-31 19:45:50.560 INFO  org.springframework.cloud.commons.util.InetUtils  :170  [32m                  [0;39m Cannot determine local hostname
2024-03-31 19:45:50.999 INFO  o.s.c.gateway.route.RouteDefinitionRouteLocator   :89   [32m                  [0;39m Loaded RoutePredicateFactory [After]
2024-03-31 19:45:51.000 INFO  o.s.c.gateway.route.RouteDefinitionRouteLocator   :89   [32m                  [0;39m Loaded RoutePredicateFactory [Before]
2024-03-31 19:45:51.000 INFO  o.s.c.gateway.route.RouteDefinitionRouteLocator   :89   [32m                  [0;39m Loaded RoutePredicateFactory [Between]
2024-03-31 19:45:51.000 INFO  o.s.c.gateway.route.RouteDefinitionRouteLocator   :89   [32m                  [0;39m Loaded RoutePredicateFactory [Cookie]
2024-03-31 19:45:51.000 INFO  o.s.c.gateway.route.RouteDefinitionRouteLocator   :89   [32m                  [0;39m Loaded RoutePredicateFactory [Header]
2024-03-31 19:45:51.000 INFO  o.s.c.gateway.route.RouteDefinitionRouteLocator   :89   [32m                  [0;39m Loaded RoutePredicateFactory [Host]
2024-03-31 19:45:51.001 INFO  o.s.c.gateway.route.RouteDefinitionRouteLocator   :89   [32m                  [0;39m Loaded RoutePredicateFactory [Method]
2024-03-31 19:45:51.001 INFO  o.s.c.gateway.route.RouteDefinitionRouteLocator   :89   [32m                  [0;39m Loaded RoutePredicateFactory [Path]
2024-03-31 19:45:51.002 INFO  o.s.c.gateway.route.RouteDefinitionRouteLocator   :89   [32m                  [0;39m Loaded RoutePredicateFactory [Query]
2024-03-31 19:45:51.003 INFO  o.s.c.gateway.route.RouteDefinitionRouteLocator   :89   [32m                  [0;39m Loaded RoutePredicateFactory [ReadBody]
2024-03-31 19:45:51.003 INFO  o.s.c.gateway.route.RouteDefinitionRouteLocator   :89   [32m                  [0;39m Loaded RoutePredicateFactory [RemoteAddr]
2024-03-31 19:45:51.003 INFO  o.s.c.gateway.route.RouteDefinitionRouteLocator   :89   [32m                  [0;39m Loaded RoutePredicateFactory [XForwardedRemoteAddr]
2024-03-31 19:45:51.004 INFO  o.s.c.gateway.route.RouteDefinitionRouteLocator   :89   [32m                  [0;39m Loaded RoutePredicateFactory [Weight]
2024-03-31 19:45:51.004 INFO  o.s.c.gateway.route.RouteDefinitionRouteLocator   :89   [32m                  [0;39m Loaded RoutePredicateFactory [CloudFoundryRouteService]
2024-03-31 19:45:52.588 INFO  org.springframework.cloud.commons.util.InetUtils  :170  [32m                  [0;39m Cannot determine local hostname
2024-03-31 19:45:52.680 INFO  c.lan.train.gateway.config.GatewayApplicationTests:56   [32m                  [0;39m Started GatewayApplicationTests in 6.508 seconds (process running for 7.449)
2024-03-31 19:49:39.300 INFO  org.hibernate.validator.internal.util.Version     :21   [32m                  [0;39m HV000001: Hibernate Validator 8.0.1.Final
2024-03-31 19:49:39.357 INFO  c.lan.train.gateway.config.GatewayApplicationTests:50   [32m                  [0;39m Starting GatewayApplicationTests using Java 17.0.10 with PID 12680 (started by lanla in C:\Users\lanla\Desktop\1\train\gateway)
2024-03-31 19:49:39.358 INFO  c.lan.train.gateway.config.GatewayApplicationTests:654  [32m                  [0;39m No active profile set, falling back to 1 default profile: "default"
2024-03-31 19:49:40.326 INFO  o.springframework.cloud.context.scope.GenericScope:282  [32m                  [0;39m BeanFactory id=fa3a6900-69a5-3bd6-ae33-c3c009ae2fff
2024-03-31 19:49:42.356 INFO  org.springframework.cloud.commons.util.InetUtils  :170  [32m                  [0;39m Cannot determine local hostname
2024-03-31 19:49:42.804 INFO  o.s.c.gateway.route.RouteDefinitionRouteLocator   :89   [32m                  [0;39m Loaded RoutePredicateFactory [After]
2024-03-31 19:49:42.805 INFO  o.s.c.gateway.route.RouteDefinitionRouteLocator   :89   [32m                  [0;39m Loaded RoutePredicateFactory [Before]
2024-03-31 19:49:42.805 INFO  o.s.c.gateway.route.RouteDefinitionRouteLocator   :89   [32m                  [0;39m Loaded RoutePredicateFactory [Between]
2024-03-31 19:49:42.805 INFO  o.s.c.gateway.route.RouteDefinitionRouteLocator   :89   [32m                  [0;39m Loaded RoutePredicateFactory [Cookie]
2024-03-31 19:49:42.805 INFO  o.s.c.gateway.route.RouteDefinitionRouteLocator   :89   [32m                  [0;39m Loaded RoutePredicateFactory [Header]
2024-03-31 19:49:42.806 INFO  o.s.c.gateway.route.RouteDefinitionRouteLocator   :89   [32m                  [0;39m Loaded RoutePredicateFactory [Host]
2024-03-31 19:49:42.806 INFO  o.s.c.gateway.route.RouteDefinitionRouteLocator   :89   [32m                  [0;39m Loaded RoutePredicateFactory [Method]
2024-03-31 19:49:42.807 INFO  o.s.c.gateway.route.RouteDefinitionRouteLocator   :89   [32m                  [0;39m Loaded RoutePredicateFactory [Path]
2024-03-31 19:49:42.807 INFO  o.s.c.gateway.route.RouteDefinitionRouteLocator   :89   [32m                  [0;39m Loaded RoutePredicateFactory [Query]
2024-03-31 19:49:42.808 INFO  o.s.c.gateway.route.RouteDefinitionRouteLocator   :89   [32m                  [0;39m Loaded RoutePredicateFactory [ReadBody]
2024-03-31 19:49:42.808 INFO  o.s.c.gateway.route.RouteDefinitionRouteLocator   :89   [32m                  [0;39m Loaded RoutePredicateFactory [RemoteAddr]
2024-03-31 19:49:42.809 INFO  o.s.c.gateway.route.RouteDefinitionRouteLocator   :89   [32m                  [0;39m Loaded RoutePredicateFactory [XForwardedRemoteAddr]
2024-03-31 19:49:42.809 INFO  o.s.c.gateway.route.RouteDefinitionRouteLocator   :89   [32m                  [0;39m Loaded RoutePredicateFactory [Weight]
2024-03-31 19:49:42.810 INFO  o.s.c.gateway.route.RouteDefinitionRouteLocator   :89   [32m                  [0;39m Loaded RoutePredicateFactory [CloudFoundryRouteService]
2024-03-31 19:49:44.360 INFO  org.springframework.cloud.commons.util.InetUtils  :170  [32m                  [0;39m Cannot determine local hostname
2024-03-31 19:49:44.440 INFO  c.lan.train.gateway.config.GatewayApplicationTests:56   [32m                  [0;39m Started GatewayApplicationTests in 6.857 seconds (process running for 7.953)
2024-03-31 19:50:21.798 INFO  org.hibernate.validator.internal.util.Version     :21   [32m                  [0;39m HV000001: Hibernate Validator 8.0.1.Final
2024-03-31 19:50:21.852 INFO  c.lan.train.gateway.config.GatewayApplicationTests:50   [32m                  [0;39m Starting GatewayApplicationTests using Java 17.0.10 with PID 20588 (started by lanla in C:\Users\lanla\Desktop\1\train\gateway)
2024-03-31 19:50:21.854 INFO  c.lan.train.gateway.config.GatewayApplicationTests:654  [32m                  [0;39m No active profile set, falling back to 1 default profile: "default"
2024-03-31 19:50:22.787 INFO  o.springframework.cloud.context.scope.GenericScope:282  [32m                  [0;39m BeanFactory id=fa3a6900-69a5-3bd6-ae33-c3c009ae2fff
2024-03-31 19:50:24.739 INFO  org.springframework.cloud.commons.util.InetUtils  :170  [32m                  [0;39m Cannot determine local hostname
2024-03-31 19:50:25.178 INFO  o.s.c.gateway.route.RouteDefinitionRouteLocator   :89   [32m                  [0;39m Loaded RoutePredicateFactory [After]
2024-03-31 19:50:25.178 INFO  o.s.c.gateway.route.RouteDefinitionRouteLocator   :89   [32m                  [0;39m Loaded RoutePredicateFactory [Before]
2024-03-31 19:50:25.179 INFO  o.s.c.gateway.route.RouteDefinitionRouteLocator   :89   [32m                  [0;39m Loaded RoutePredicateFactory [Between]
2024-03-31 19:50:25.179 INFO  o.s.c.gateway.route.RouteDefinitionRouteLocator   :89   [32m                  [0;39m Loaded RoutePredicateFactory [Cookie]
2024-03-31 19:50:25.179 INFO  o.s.c.gateway.route.RouteDefinitionRouteLocator   :89   [32m                  [0;39m Loaded RoutePredicateFactory [Header]
2024-03-31 19:50:25.179 INFO  o.s.c.gateway.route.RouteDefinitionRouteLocator   :89   [32m                  [0;39m Loaded RoutePredicateFactory [Host]
2024-03-31 19:50:25.179 INFO  o.s.c.gateway.route.RouteDefinitionRouteLocator   :89   [32m                  [0;39m Loaded RoutePredicateFactory [Method]
2024-03-31 19:50:25.179 INFO  o.s.c.gateway.route.RouteDefinitionRouteLocator   :89   [32m                  [0;39m Loaded RoutePredicateFactory [Path]
2024-03-31 19:50:25.180 INFO  o.s.c.gateway.route.RouteDefinitionRouteLocator   :89   [32m                  [0;39m Loaded RoutePredicateFactory [Query]
2024-03-31 19:50:25.180 INFO  o.s.c.gateway.route.RouteDefinitionRouteLocator   :89   [32m                  [0;39m Loaded RoutePredicateFactory [ReadBody]
2024-03-31 19:50:25.181 INFO  o.s.c.gateway.route.RouteDefinitionRouteLocator   :89   [32m                  [0;39m Loaded RoutePredicateFactory [RemoteAddr]
2024-03-31 19:50:25.181 INFO  o.s.c.gateway.route.RouteDefinitionRouteLocator   :89   [32m                  [0;39m Loaded RoutePredicateFactory [XForwardedRemoteAddr]
2024-03-31 19:50:25.181 INFO  o.s.c.gateway.route.RouteDefinitionRouteLocator   :89   [32m                  [0;39m Loaded RoutePredicateFactory [Weight]
2024-03-31 19:50:25.181 INFO  o.s.c.gateway.route.RouteDefinitionRouteLocator   :89   [32m                  [0;39m Loaded RoutePredicateFactory [CloudFoundryRouteService]
2024-03-31 19:50:26.691 INFO  org.springframework.cloud.commons.util.InetUtils  :170  [32m                  [0;39m Cannot determine local hostname
2024-03-31 19:50:26.792 INFO  c.lan.train.gateway.config.GatewayApplicationTests:56   [32m                  [0;39m Started GatewayApplicationTests in 6.625 seconds (process running for 7.63)
2024-03-31 19:51:31.531 INFO  org.hibernate.validator.internal.util.Version     :21   [32m                  [0;39m HV000001: Hibernate Validator 8.0.1.Final
2024-03-31 19:51:31.583 INFO  c.lan.train.gateway.config.GatewayApplicationTests:50   [32m                  [0;39m Starting GatewayApplicationTests using Java 17.0.10 with PID 2844 (started by lanla in C:\Users\lanla\Desktop\1\train\gateway)
2024-03-31 19:51:31.584 INFO  c.lan.train.gateway.config.GatewayApplicationTests:654  [32m                  [0;39m No active profile set, falling back to 1 default profile: "default"
2024-03-31 19:51:32.515 INFO  o.springframework.cloud.context.scope.GenericScope:282  [32m                  [0;39m BeanFactory id=fa3a6900-69a5-3bd6-ae33-c3c009ae2fff
2024-03-31 19:51:34.352 INFO  org.springframework.cloud.commons.util.InetUtils  :170  [32m                  [0;39m Cannot determine local hostname
2024-03-31 19:51:34.773 INFO  o.s.c.gateway.route.RouteDefinitionRouteLocator   :89   [32m                  [0;39m Loaded RoutePredicateFactory [After]
2024-03-31 19:51:34.774 INFO  o.s.c.gateway.route.RouteDefinitionRouteLocator   :89   [32m                  [0;39m Loaded RoutePredicateFactory [Before]
2024-03-31 19:51:34.774 INFO  o.s.c.gateway.route.RouteDefinitionRouteLocator   :89   [32m                  [0;39m Loaded RoutePredicateFactory [Between]
2024-03-31 19:51:34.774 INFO  o.s.c.gateway.route.RouteDefinitionRouteLocator   :89   [32m                  [0;39m Loaded RoutePredicateFactory [Cookie]
2024-03-31 19:51:34.775 INFO  o.s.c.gateway.route.RouteDefinitionRouteLocator   :89   [32m                  [0;39m Loaded RoutePredicateFactory [Header]
2024-03-31 19:51:34.775 INFO  o.s.c.gateway.route.RouteDefinitionRouteLocator   :89   [32m                  [0;39m Loaded RoutePredicateFactory [Host]
2024-03-31 19:51:34.775 INFO  o.s.c.gateway.route.RouteDefinitionRouteLocator   :89   [32m                  [0;39m Loaded RoutePredicateFactory [Method]
2024-03-31 19:51:34.775 INFO  o.s.c.gateway.route.RouteDefinitionRouteLocator   :89   [32m                  [0;39m Loaded RoutePredicateFactory [Path]
2024-03-31 19:51:34.776 INFO  o.s.c.gateway.route.RouteDefinitionRouteLocator   :89   [32m                  [0;39m Loaded RoutePredicateFactory [Query]
2024-03-31 19:51:34.776 INFO  o.s.c.gateway.route.RouteDefinitionRouteLocator   :89   [32m                  [0;39m Loaded RoutePredicateFactory [ReadBody]
2024-03-31 19:51:34.777 INFO  o.s.c.gateway.route.RouteDefinitionRouteLocator   :89   [32m                  [0;39m Loaded RoutePredicateFactory [RemoteAddr]
2024-03-31 19:51:34.778 INFO  o.s.c.gateway.route.RouteDefinitionRouteLocator   :89   [32m                  [0;39m Loaded RoutePredicateFactory [XForwardedRemoteAddr]
2024-03-31 19:51:34.778 INFO  o.s.c.gateway.route.RouteDefinitionRouteLocator   :89   [32m                  [0;39m Loaded RoutePredicateFactory [Weight]
2024-03-31 19:51:34.778 INFO  o.s.c.gateway.route.RouteDefinitionRouteLocator   :89   [32m                  [0;39m Loaded RoutePredicateFactory [CloudFoundryRouteService]
2024-03-31 19:51:36.302 INFO  org.springframework.cloud.commons.util.InetUtils  :170  [32m                  [0;39m Cannot determine local hostname
2024-03-31 19:51:36.418 INFO  c.lan.train.gateway.config.GatewayApplicationTests:56   [32m                  [0;39m Started GatewayApplicationTests in 6.52 seconds (process running for 7.485)
2024-03-31 19:52:35.404 INFO  org.hibernate.validator.internal.util.Version     :21   [32m                  [0;39m HV000001: Hibernate Validator 8.0.1.Final
2024-03-31 19:52:35.451 INFO  c.lan.train.gateway.config.GatewayApplicationTests:50   [32m                  [0;39m Starting GatewayApplicationTests using Java 17.0.10 with PID 29640 (started by lanla in C:\Users\lanla\Desktop\1\train\gateway)
2024-03-31 19:52:35.452 INFO  c.lan.train.gateway.config.GatewayApplicationTests:654  [32m                  [0;39m No active profile set, falling back to 1 default profile: "default"
2024-03-31 19:52:36.353 INFO  o.springframework.cloud.context.scope.GenericScope:282  [32m                  [0;39m BeanFactory id=fa3a6900-69a5-3bd6-ae33-c3c009ae2fff
2024-03-31 19:52:38.148 INFO  org.springframework.cloud.commons.util.InetUtils  :170  [32m                  [0;39m Cannot determine local hostname
2024-03-31 19:52:38.612 INFO  o.s.c.gateway.route.RouteDefinitionRouteLocator   :89   [32m                  [0;39m Loaded RoutePredicateFactory [After]
2024-03-31 19:52:38.612 INFO  o.s.c.gateway.route.RouteDefinitionRouteLocator   :89   [32m                  [0;39m Loaded RoutePredicateFactory [Before]
2024-03-31 19:52:38.613 INFO  o.s.c.gateway.route.RouteDefinitionRouteLocator   :89   [32m                  [0;39m Loaded RoutePredicateFactory [Between]
2024-03-31 19:52:38.613 INFO  o.s.c.gateway.route.RouteDefinitionRouteLocator   :89   [32m                  [0;39m Loaded RoutePredicateFactory [Cookie]
2024-03-31 19:52:38.613 INFO  o.s.c.gateway.route.RouteDefinitionRouteLocator   :89   [32m                  [0;39m Loaded RoutePredicateFactory [Header]
2024-03-31 19:52:38.613 INFO  o.s.c.gateway.route.RouteDefinitionRouteLocator   :89   [32m                  [0;39m Loaded RoutePredicateFactory [Host]
2024-03-31 19:52:38.613 INFO  o.s.c.gateway.route.RouteDefinitionRouteLocator   :89   [32m                  [0;39m Loaded RoutePredicateFactory [Method]
2024-03-31 19:52:38.614 INFO  o.s.c.gateway.route.RouteDefinitionRouteLocator   :89   [32m                  [0;39m Loaded RoutePredicateFactory [Path]
2024-03-31 19:52:38.615 INFO  o.s.c.gateway.route.RouteDefinitionRouteLocator   :89   [32m                  [0;39m Loaded RoutePredicateFactory [Query]
2024-03-31 19:52:38.615 INFO  o.s.c.gateway.route.RouteDefinitionRouteLocator   :89   [32m                  [0;39m Loaded RoutePredicateFactory [ReadBody]
2024-03-31 19:52:38.616 INFO  o.s.c.gateway.route.RouteDefinitionRouteLocator   :89   [32m                  [0;39m Loaded RoutePredicateFactory [RemoteAddr]
2024-03-31 19:52:38.616 INFO  o.s.c.gateway.route.RouteDefinitionRouteLocator   :89   [32m                  [0;39m Loaded RoutePredicateFactory [XForwardedRemoteAddr]
2024-03-31 19:52:38.616 INFO  o.s.c.gateway.route.RouteDefinitionRouteLocator   :89   [32m                  [0;39m Loaded RoutePredicateFactory [Weight]
2024-03-31 19:52:38.617 INFO  o.s.c.gateway.route.RouteDefinitionRouteLocator   :89   [32m                  [0;39m Loaded RoutePredicateFactory [CloudFoundryRouteService]
2024-03-31 19:52:40.190 INFO  org.springframework.cloud.commons.util.InetUtils  :170  [32m                  [0;39m Cannot determine local hostname
2024-03-31 19:52:40.290 INFO  c.lan.train.gateway.config.GatewayApplicationTests:56   [32m                  [0;39m Started GatewayApplicationTests in 6.506 seconds (process running for 7.449)
2024-03-31 20:44:14.751 INFO  org.hibernate.validator.internal.util.Version     :21   [32m                  [0;39m HV000001: Hibernate Validator 8.0.1.Final
2024-03-31 20:44:14.806 INFO  c.lan.train.gateway.config.GatewayApplicationTests:50   [32m                  [0;39m Starting GatewayApplicationTests using Java 17.0.10 with PID 4044 (started by lanla in C:\Users\lanla\Desktop\1\train\gateway)
2024-03-31 20:44:14.808 INFO  c.lan.train.gateway.config.GatewayApplicationTests:654  [32m                  [0;39m No active profile set, falling back to 1 default profile: "default"
2024-03-31 20:44:15.761 INFO  o.springframework.cloud.context.scope.GenericScope:282  [32m                  [0;39m BeanFactory id=fa3a6900-69a5-3bd6-ae33-c3c009ae2fff
2024-03-31 20:44:17.645 INFO  org.springframework.cloud.commons.util.InetUtils  :170  [32m                  [0;39m Cannot determine local hostname
2024-03-31 20:44:18.090 INFO  o.s.c.gateway.route.RouteDefinitionRouteLocator   :89   [32m                  [0;39m Loaded RoutePredicateFactory [After]
2024-03-31 20:44:18.091 INFO  o.s.c.gateway.route.RouteDefinitionRouteLocator   :89   [32m                  [0;39m Loaded RoutePredicateFactory [Before]
2024-03-31 20:44:18.091 INFO  o.s.c.gateway.route.RouteDefinitionRouteLocator   :89   [32m                  [0;39m Loaded RoutePredicateFactory [Between]
2024-03-31 20:44:18.092 INFO  o.s.c.gateway.route.RouteDefinitionRouteLocator   :89   [32m                  [0;39m Loaded RoutePredicateFactory [Cookie]
2024-03-31 20:44:18.092 INFO  o.s.c.gateway.route.RouteDefinitionRouteLocator   :89   [32m                  [0;39m Loaded RoutePredicateFactory [Header]
2024-03-31 20:44:18.093 INFO  o.s.c.gateway.route.RouteDefinitionRouteLocator   :89   [32m                  [0;39m Loaded RoutePredicateFactory [Host]
2024-03-31 20:44:18.093 INFO  o.s.c.gateway.route.RouteDefinitionRouteLocator   :89   [32m                  [0;39m Loaded RoutePredicateFactory [Method]
2024-03-31 20:44:18.094 INFO  o.s.c.gateway.route.RouteDefinitionRouteLocator   :89   [32m                  [0;39m Loaded RoutePredicateFactory [Path]
2024-03-31 20:44:18.094 INFO  o.s.c.gateway.route.RouteDefinitionRouteLocator   :89   [32m                  [0;39m Loaded RoutePredicateFactory [Query]
2024-03-31 20:44:18.095 INFO  o.s.c.gateway.route.RouteDefinitionRouteLocator   :89   [32m                  [0;39m Loaded RoutePredicateFactory [ReadBody]
2024-03-31 20:44:18.096 INFO  o.s.c.gateway.route.RouteDefinitionRouteLocator   :89   [32m                  [0;39m Loaded RoutePredicateFactory [RemoteAddr]
2024-03-31 20:44:18.096 INFO  o.s.c.gateway.route.RouteDefinitionRouteLocator   :89   [32m                  [0;39m Loaded RoutePredicateFactory [XForwardedRemoteAddr]
2024-03-31 20:44:18.096 INFO  o.s.c.gateway.route.RouteDefinitionRouteLocator   :89   [32m                  [0;39m Loaded RoutePredicateFactory [Weight]
2024-03-31 20:44:18.096 INFO  o.s.c.gateway.route.RouteDefinitionRouteLocator   :89   [32m                  [0;39m Loaded RoutePredicateFactory [CloudFoundryRouteService]
2024-03-31 20:44:19.751 INFO  org.springframework.cloud.commons.util.InetUtils  :170  [32m                  [0;39m Cannot determine local hostname
2024-03-31 20:44:19.865 INFO  c.lan.train.gateway.config.GatewayApplicationTests:56   [32m                  [0;39m Started GatewayApplicationTests in 6.853 seconds (process running for 8.176)
2024-03-31 20:44:44.650 INFO  org.hibernate.validator.internal.util.Version     :21   [32m                  [0;39m HV000001: Hibernate Validator 8.0.1.Final
2024-03-31 20:44:44.700 INFO  c.lan.train.gateway.config.GatewayApplicationTests:50   [32m                  [0;39m Starting GatewayApplicationTests using Java 17.0.10 with PID 4044 (started by lanla in C:\Users\lanla\Desktop\1\train\gateway)
2024-03-31 20:44:44.701 INFO  c.lan.train.gateway.config.GatewayApplicationTests:654  [32m                  [0;39m No active profile set, falling back to 1 default profile: "default"
2024-03-31 20:44:45.636 INFO  o.springframework.cloud.context.scope.GenericScope:282  [32m                  [0;39m BeanFactory id=fa3a6900-69a5-3bd6-ae33-c3c009ae2fff
2024-03-31 20:44:47.529 INFO  org.springframework.cloud.commons.util.InetUtils  :170  [32m                  [0;39m Cannot determine local hostname
2024-03-31 20:44:48.017 INFO  o.s.c.gateway.route.RouteDefinitionRouteLocator   :89   [32m                  [0;39m Loaded RoutePredicateFactory [After]
2024-03-31 20:44:48.018 INFO  o.s.c.gateway.route.RouteDefinitionRouteLocator   :89   [32m                  [0;39m Loaded RoutePredicateFactory [Before]
2024-03-31 20:44:48.018 INFO  o.s.c.gateway.route.RouteDefinitionRouteLocator   :89   [32m                  [0;39m Loaded RoutePredicateFactory [Between]
2024-03-31 20:44:48.019 INFO  o.s.c.gateway.route.RouteDefinitionRouteLocator   :89   [32m                  [0;39m Loaded RoutePredicateFactory [Cookie]
2024-03-31 20:44:48.019 INFO  o.s.c.gateway.route.RouteDefinitionRouteLocator   :89   [32m                  [0;39m Loaded RoutePredicateFactory [Header]
2024-03-31 20:44:48.020 INFO  o.s.c.gateway.route.RouteDefinitionRouteLocator   :89   [32m                  [0;39m Loaded RoutePredicateFactory [Host]
2024-03-31 20:44:48.021 INFO  o.s.c.gateway.route.RouteDefinitionRouteLocator   :89   [32m                  [0;39m Loaded RoutePredicateFactory [Method]
2024-03-31 20:44:48.021 INFO  o.s.c.gateway.route.RouteDefinitionRouteLocator   :89   [32m                  [0;39m Loaded RoutePredicateFactory [Path]
2024-03-31 20:44:48.022 INFO  o.s.c.gateway.route.RouteDefinitionRouteLocator   :89   [32m                  [0;39m Loaded RoutePredicateFactory [Query]
2024-03-31 20:44:48.022 INFO  o.s.c.gateway.route.RouteDefinitionRouteLocator   :89   [32m                  [0;39m Loaded RoutePredicateFactory [ReadBody]
2024-03-31 20:44:48.023 INFO  o.s.c.gateway.route.RouteDefinitionRouteLocator   :89   [32m                  [0;39m Loaded RoutePredicateFactory [RemoteAddr]
2024-03-31 20:44:48.023 INFO  o.s.c.gateway.route.RouteDefinitionRouteLocator   :89   [32m                  [0;39m Loaded RoutePredicateFactory [XForwardedRemoteAddr]
2024-03-31 20:44:48.023 INFO  o.s.c.gateway.route.RouteDefinitionRouteLocator   :89   [32m                  [0;39m Loaded RoutePredicateFactory [Weight]
2024-03-31 20:44:48.024 INFO  o.s.c.gateway.route.RouteDefinitionRouteLocator   :89   [32m                  [0;39m Loaded RoutePredicateFactory [CloudFoundryRouteService]
2024-03-31 20:44:49.620 INFO  org.springframework.cloud.commons.util.InetUtils  :170  [32m                  [0;39m Cannot determine local hostname
2024-03-31 20:44:49.722 INFO  c.lan.train.gateway.config.GatewayApplicationTests:56   [32m                  [0;39m Started GatewayApplicationTests in 6.696 seconds (process running for 7.657)
2024-03-31 20:45:37.884 INFO  org.hibernate.validator.internal.util.Version     :21   [32m                  [0;39m HV000001: Hibernate Validator 8.0.1.Final
2024-03-31 20:45:37.939 INFO  c.lan.train.gateway.config.GatewayApplicationTests:50   [32m                  [0;39m Starting GatewayApplicationTests using Java 17.0.10 with PID 14996 (started by lanla in C:\Users\lanla\Desktop\1\train\gateway)
2024-03-31 20:45:37.941 INFO  c.lan.train.gateway.config.GatewayApplicationTests:654  [32m                  [0;39m No active profile set, falling back to 1 default profile: "default"
2024-03-31 20:45:38.881 INFO  o.springframework.cloud.context.scope.GenericScope:282  [32m                  [0;39m BeanFactory id=fa3a6900-69a5-3bd6-ae33-c3c009ae2fff
2024-03-31 20:45:40.735 INFO  org.springframework.cloud.commons.util.InetUtils  :170  [32m                  [0;39m Cannot determine local hostname
2024-03-31 20:45:41.198 INFO  o.s.c.gateway.route.RouteDefinitionRouteLocator   :89   [32m                  [0;39m Loaded RoutePredicateFactory [After]
2024-03-31 20:45:41.199 INFO  o.s.c.gateway.route.RouteDefinitionRouteLocator   :89   [32m                  [0;39m Loaded RoutePredicateFactory [Before]
2024-03-31 20:45:41.200 INFO  o.s.c.gateway.route.RouteDefinitionRouteLocator   :89   [32m                  [0;39m Loaded RoutePredicateFactory [Between]
2024-03-31 20:45:41.201 INFO  o.s.c.gateway.route.RouteDefinitionRouteLocator   :89   [32m                  [0;39m Loaded RoutePredicateFactory [Cookie]
2024-03-31 20:45:41.201 INFO  o.s.c.gateway.route.RouteDefinitionRouteLocator   :89   [32m                  [0;39m Loaded RoutePredicateFactory [Header]
2024-03-31 20:45:41.201 INFO  o.s.c.gateway.route.RouteDefinitionRouteLocator   :89   [32m                  [0;39m Loaded RoutePredicateFactory [Host]
2024-03-31 20:45:41.201 INFO  o.s.c.gateway.route.RouteDefinitionRouteLocator   :89   [32m                  [0;39m Loaded RoutePredicateFactory [Method]
2024-03-31 20:45:41.202 INFO  o.s.c.gateway.route.RouteDefinitionRouteLocator   :89   [32m                  [0;39m Loaded RoutePredicateFactory [Path]
2024-03-31 20:45:41.202 INFO  o.s.c.gateway.route.RouteDefinitionRouteLocator   :89   [32m                  [0;39m Loaded RoutePredicateFactory [Query]
2024-03-31 20:45:41.203 INFO  o.s.c.gateway.route.RouteDefinitionRouteLocator   :89   [32m                  [0;39m Loaded RoutePredicateFactory [ReadBody]
2024-03-31 20:45:41.203 INFO  o.s.c.gateway.route.RouteDefinitionRouteLocator   :89   [32m                  [0;39m Loaded RoutePredicateFactory [RemoteAddr]
2024-03-31 20:45:41.204 INFO  o.s.c.gateway.route.RouteDefinitionRouteLocator   :89   [32m                  [0;39m Loaded RoutePredicateFactory [XForwardedRemoteAddr]
2024-03-31 20:45:41.205 INFO  o.s.c.gateway.route.RouteDefinitionRouteLocator   :89   [32m                  [0;39m Loaded RoutePredicateFactory [Weight]
2024-03-31 20:45:41.205 INFO  o.s.c.gateway.route.RouteDefinitionRouteLocator   :89   [32m                  [0;39m Loaded RoutePredicateFactory [CloudFoundryRouteService]
2024-03-31 20:45:42.813 INFO  org.springframework.cloud.commons.util.InetUtils  :170  [32m                  [0;39m Cannot determine local hostname
2024-03-31 20:45:42.957 INFO  c.lan.train.gateway.config.GatewayApplicationTests:56   [32m                  [0;39m Started GatewayApplicationTests in 6.742 seconds (process running for 7.678)
2024-03-31 20:46:51.457 INFO  org.hibernate.validator.internal.util.Version     :21   [32m                  [0;39m HV000001: Hibernate Validator 8.0.1.Final
2024-03-31 20:46:51.508 INFO  c.lan.train.gateway.config.GatewayApplicationTests:50   [32m                  [0;39m Starting GatewayApplicationTests using Java 17.0.10 with PID 30420 (started by lanla in C:\Users\lanla\Desktop\1\train\gateway)
2024-03-31 20:46:51.509 INFO  c.lan.train.gateway.config.GatewayApplicationTests:654  [32m                  [0;39m No active profile set, falling back to 1 default profile: "default"
2024-03-31 20:46:52.468 INFO  o.springframework.cloud.context.scope.GenericScope:282  [32m                  [0;39m BeanFactory id=fa3a6900-69a5-3bd6-ae33-c3c009ae2fff
2024-03-31 20:46:54.323 INFO  org.springframework.cloud.commons.util.InetUtils  :170  [32m                  [0;39m Cannot determine local hostname
2024-03-31 20:46:54.739 INFO  o.s.c.gateway.route.RouteDefinitionRouteLocator   :89   [32m                  [0;39m Loaded RoutePredicateFactory [After]
2024-03-31 20:46:54.739 INFO  o.s.c.gateway.route.RouteDefinitionRouteLocator   :89   [32m                  [0;39m Loaded RoutePredicateFactory [Before]
2024-03-31 20:46:54.739 INFO  o.s.c.gateway.route.RouteDefinitionRouteLocator   :89   [32m                  [0;39m Loaded RoutePredicateFactory [Between]
2024-03-31 20:46:54.739 INFO  o.s.c.gateway.route.RouteDefinitionRouteLocator   :89   [32m                  [0;39m Loaded RoutePredicateFactory [Cookie]
2024-03-31 20:46:54.741 INFO  o.s.c.gateway.route.RouteDefinitionRouteLocator   :89   [32m                  [0;39m Loaded RoutePredicateFactory [Header]
2024-03-31 20:46:54.741 INFO  o.s.c.gateway.route.RouteDefinitionRouteLocator   :89   [32m                  [0;39m Loaded RoutePredicateFactory [Host]
2024-03-31 20:46:54.742 INFO  o.s.c.gateway.route.RouteDefinitionRouteLocator   :89   [32m                  [0;39m Loaded RoutePredicateFactory [Method]
2024-03-31 20:46:54.743 INFO  o.s.c.gateway.route.RouteDefinitionRouteLocator   :89   [32m                  [0;39m Loaded RoutePredicateFactory [Path]
2024-03-31 20:46:54.743 INFO  o.s.c.gateway.route.RouteDefinitionRouteLocator   :89   [32m                  [0;39m Loaded RoutePredicateFactory [Query]
2024-03-31 20:46:54.744 INFO  o.s.c.gateway.route.RouteDefinitionRouteLocator   :89   [32m                  [0;39m Loaded RoutePredicateFactory [ReadBody]
2024-03-31 20:46:54.744 INFO  o.s.c.gateway.route.RouteDefinitionRouteLocator   :89   [32m                  [0;39m Loaded RoutePredicateFactory [RemoteAddr]
2024-03-31 20:46:54.745 INFO  o.s.c.gateway.route.RouteDefinitionRouteLocator   :89   [32m                  [0;39m Loaded RoutePredicateFactory [XForwardedRemoteAddr]
2024-03-31 20:46:54.745 INFO  o.s.c.gateway.route.RouteDefinitionRouteLocator   :89   [32m                  [0;39m Loaded RoutePredicateFactory [Weight]
2024-03-31 20:46:54.745 INFO  o.s.c.gateway.route.RouteDefinitionRouteLocator   :89   [32m                  [0;39m Loaded RoutePredicateFactory [CloudFoundryRouteService]
2024-03-31 20:46:56.304 INFO  org.springframework.cloud.commons.util.InetUtils  :170  [32m                  [0;39m Cannot determine local hostname
2024-03-31 20:46:56.391 INFO  c.lan.train.gateway.config.GatewayApplicationTests:56   [32m                  [0;39m Started GatewayApplicationTests in 6.585 seconds (process running for 7.554)
2024-03-31 20:48:40.985 INFO  org.hibernate.validator.internal.util.Version     :21   [32m                  [0;39m HV000001: Hibernate Validator 8.0.1.Final
2024-03-31 20:48:41.069 INFO  c.lan.train.gateway.config.GatewayApplicationTests:50   [32m                  [0;39m Starting GatewayApplicationTests using Java 17.0.10 with PID 20384 (started by lanla in C:\Users\lanla\Desktop\1\train\gateway)
2024-03-31 20:48:41.074 INFO  c.lan.train.gateway.config.GatewayApplicationTests:654  [32m                  [0;39m No active profile set, falling back to 1 default profile: "default"
2024-03-31 20:48:42.319 INFO  o.springframework.cloud.context.scope.GenericScope:282  [32m                  [0;39m BeanFactory id=fa3a6900-69a5-3bd6-ae33-c3c009ae2fff
2024-03-31 20:48:44.361 INFO  org.springframework.cloud.commons.util.InetUtils  :170  [32m                  [0;39m Cannot determine local hostname
2024-03-31 20:48:45.334 INFO  o.s.c.gateway.route.RouteDefinitionRouteLocator   :89   [32m                  [0;39m Loaded RoutePredicateFactory [After]
2024-03-31 20:48:45.335 INFO  o.s.c.gateway.route.RouteDefinitionRouteLocator   :89   [32m                  [0;39m Loaded RoutePredicateFactory [Before]
2024-03-31 20:48:45.336 INFO  o.s.c.gateway.route.RouteDefinitionRouteLocator   :89   [32m                  [0;39m Loaded RoutePredicateFactory [Between]
2024-03-31 20:48:45.337 INFO  o.s.c.gateway.route.RouteDefinitionRouteLocator   :89   [32m                  [0;39m Loaded RoutePredicateFactory [Cookie]
2024-03-31 20:48:45.337 INFO  o.s.c.gateway.route.RouteDefinitionRouteLocator   :89   [32m                  [0;39m Loaded RoutePredicateFactory [Header]
2024-03-31 20:48:45.337 INFO  o.s.c.gateway.route.RouteDefinitionRouteLocator   :89   [32m                  [0;39m Loaded RoutePredicateFactory [Host]
2024-03-31 20:48:45.338 INFO  o.s.c.gateway.route.RouteDefinitionRouteLocator   :89   [32m                  [0;39m Loaded RoutePredicateFactory [Method]
2024-03-31 20:48:45.338 INFO  o.s.c.gateway.route.RouteDefinitionRouteLocator   :89   [32m                  [0;39m Loaded RoutePredicateFactory [Path]
2024-03-31 20:48:45.339 INFO  o.s.c.gateway.route.RouteDefinitionRouteLocator   :89   [32m                  [0;39m Loaded RoutePredicateFactory [Query]
2024-03-31 20:48:45.339 INFO  o.s.c.gateway.route.RouteDefinitionRouteLocator   :89   [32m                  [0;39m Loaded RoutePredicateFactory [ReadBody]
2024-03-31 20:48:45.339 INFO  o.s.c.gateway.route.RouteDefinitionRouteLocator   :89   [32m                  [0;39m Loaded RoutePredicateFactory [RemoteAddr]
2024-03-31 20:48:45.341 INFO  o.s.c.gateway.route.RouteDefinitionRouteLocator   :89   [32m                  [0;39m Loaded RoutePredicateFactory [XForwardedRemoteAddr]
2024-03-31 20:48:45.341 INFO  o.s.c.gateway.route.RouteDefinitionRouteLocator   :89   [32m                  [0;39m Loaded RoutePredicateFactory [Weight]
2024-03-31 20:48:45.342 INFO  o.s.c.gateway.route.RouteDefinitionRouteLocator   :89   [32m                  [0;39m Loaded RoutePredicateFactory [CloudFoundryRouteService]
2024-03-31 20:48:47.183 INFO  org.springframework.cloud.commons.util.InetUtils  :170  [32m                  [0;39m Cannot determine local hostname
2024-03-31 20:48:47.331 INFO  c.lan.train.gateway.config.GatewayApplicationTests:56   [32m                  [0;39m Started GatewayApplicationTests in 8.47 seconds (process running for 9.955)
2024-03-31 20:49:03.068 INFO  org.hibernate.validator.internal.util.Version     :21   [32m                  [0;39m HV000001: Hibernate Validator 8.0.1.Final
2024-03-31 20:49:03.122 INFO  c.lan.train.gateway.config.GatewayApplicationTests:50   [32m                  [0;39m Starting GatewayApplicationTests using Java 17.0.10 with PID 8608 (started by lanla in C:\Users\lanla\Desktop\1\train\gateway)
2024-03-31 20:49:03.124 INFO  c.lan.train.gateway.config.GatewayApplicationTests:654  [32m                  [0;39m No active profile set, falling back to 1 default profile: "default"
2024-03-31 20:49:04.105 INFO  o.springframework.cloud.context.scope.GenericScope:282  [32m                  [0;39m BeanFactory id=fa3a6900-69a5-3bd6-ae33-c3c009ae2fff
2024-03-31 20:49:06.152 INFO  org.springframework.cloud.commons.util.InetUtils  :170  [32m                  [0;39m Cannot determine local hostname
2024-03-31 20:49:06.677 INFO  o.s.c.gateway.route.RouteDefinitionRouteLocator   :89   [32m                  [0;39m Loaded RoutePredicateFactory [After]
2024-03-31 20:49:06.678 INFO  o.s.c.gateway.route.RouteDefinitionRouteLocator   :89   [32m                  [0;39m Loaded RoutePredicateFactory [Before]
2024-03-31 20:49:06.678 INFO  o.s.c.gateway.route.RouteDefinitionRouteLocator   :89   [32m                  [0;39m Loaded RoutePredicateFactory [Between]
2024-03-31 20:49:06.678 INFO  o.s.c.gateway.route.RouteDefinitionRouteLocator   :89   [32m                  [0;39m Loaded RoutePredicateFactory [Cookie]
2024-03-31 20:49:06.678 INFO  o.s.c.gateway.route.RouteDefinitionRouteLocator   :89   [32m                  [0;39m Loaded RoutePredicateFactory [Header]
2024-03-31 20:49:06.679 INFO  o.s.c.gateway.route.RouteDefinitionRouteLocator   :89   [32m                  [0;39m Loaded RoutePredicateFactory [Host]
2024-03-31 20:49:06.679 INFO  o.s.c.gateway.route.RouteDefinitionRouteLocator   :89   [32m                  [0;39m Loaded RoutePredicateFactory [Method]
2024-03-31 20:49:06.679 INFO  o.s.c.gateway.route.RouteDefinitionRouteLocator   :89   [32m                  [0;39m Loaded RoutePredicateFactory [Path]
2024-03-31 20:49:06.681 INFO  o.s.c.gateway.route.RouteDefinitionRouteLocator   :89   [32m                  [0;39m Loaded RoutePredicateFactory [Query]
2024-03-31 20:49:06.681 INFO  o.s.c.gateway.route.RouteDefinitionRouteLocator   :89   [32m                  [0;39m Loaded RoutePredicateFactory [ReadBody]
2024-03-31 20:49:06.682 INFO  o.s.c.gateway.route.RouteDefinitionRouteLocator   :89   [32m                  [0;39m Loaded RoutePredicateFactory [RemoteAddr]
2024-03-31 20:49:06.682 INFO  o.s.c.gateway.route.RouteDefinitionRouteLocator   :89   [32m                  [0;39m Loaded RoutePredicateFactory [XForwardedRemoteAddr]
2024-03-31 20:49:06.683 INFO  o.s.c.gateway.route.RouteDefinitionRouteLocator   :89   [32m                  [0;39m Loaded RoutePredicateFactory [Weight]
2024-03-31 20:49:06.683 INFO  o.s.c.gateway.route.RouteDefinitionRouteLocator   :89   [32m                  [0;39m Loaded RoutePredicateFactory [CloudFoundryRouteService]
2024-03-31 20:49:08.326 INFO  org.springframework.cloud.commons.util.InetUtils  :170  [32m                  [0;39m Cannot determine local hostname
2024-03-31 20:49:08.424 INFO  c.lan.train.gateway.config.GatewayApplicationTests:56   [32m                  [0;39m Started GatewayApplicationTests in 7.089 seconds (process running for 8.227)
2024-03-31 20:49:09.204 INFO  org.hibernate.validator.internal.util.Version     :21   [32m                  [0;39m HV000001: Hibernate Validator 8.0.1.Final
2024-03-31 20:49:09.258 INFO  c.lan.train.gateway.config.GatewayApplicationTests:50   [32m                  [0;39m Starting GatewayApplicationTests using Java 17.0.10 with PID 1828 (started by lanla in C:\Users\lanla\Desktop\1\train\gateway)
2024-03-31 20:49:09.260 INFO  c.lan.train.gateway.config.GatewayApplicationTests:654  [32m                  [0;39m No active profile set, falling back to 1 default profile: "default"
2024-03-31 20:49:10.305 INFO  o.springframework.cloud.context.scope.GenericScope:282  [32m                  [0;39m BeanFactory id=fa3a6900-69a5-3bd6-ae33-c3c009ae2fff
2024-03-31 20:49:12.238 INFO  org.springframework.cloud.commons.util.InetUtils  :170  [32m                  [0;39m Cannot determine local hostname
2024-03-31 20:49:12.747 INFO  o.s.c.gateway.route.RouteDefinitionRouteLocator   :89   [32m                  [0;39m Loaded RoutePredicateFactory [After]
2024-03-31 20:49:12.747 INFO  o.s.c.gateway.route.RouteDefinitionRouteLocator   :89   [32m                  [0;39m Loaded RoutePredicateFactory [Before]
2024-03-31 20:49:12.748 INFO  o.s.c.gateway.route.RouteDefinitionRouteLocator   :89   [32m                  [0;39m Loaded RoutePredicateFactory [Between]
2024-03-31 20:49:12.748 INFO  o.s.c.gateway.route.RouteDefinitionRouteLocator   :89   [32m                  [0;39m Loaded RoutePredicateFactory [Cookie]
2024-03-31 20:49:12.748 INFO  o.s.c.gateway.route.RouteDefinitionRouteLocator   :89   [32m                  [0;39m Loaded RoutePredicateFactory [Header]
2024-03-31 20:49:12.749 INFO  o.s.c.gateway.route.RouteDefinitionRouteLocator   :89   [32m                  [0;39m Loaded RoutePredicateFactory [Host]
2024-03-31 20:49:12.749 INFO  o.s.c.gateway.route.RouteDefinitionRouteLocator   :89   [32m                  [0;39m Loaded RoutePredicateFactory [Method]
2024-03-31 20:49:12.750 INFO  o.s.c.gateway.route.RouteDefinitionRouteLocator   :89   [32m                  [0;39m Loaded RoutePredicateFactory [Path]
2024-03-31 20:49:12.750 INFO  o.s.c.gateway.route.RouteDefinitionRouteLocator   :89   [32m                  [0;39m Loaded RoutePredicateFactory [Query]
2024-03-31 20:49:12.750 INFO  o.s.c.gateway.route.RouteDefinitionRouteLocator   :89   [32m                  [0;39m Loaded RoutePredicateFactory [ReadBody]
2024-03-31 20:49:12.750 INFO  o.s.c.gateway.route.RouteDefinitionRouteLocator   :89   [32m                  [0;39m Loaded RoutePredicateFactory [RemoteAddr]
2024-03-31 20:49:12.751 INFO  o.s.c.gateway.route.RouteDefinitionRouteLocator   :89   [32m                  [0;39m Loaded RoutePredicateFactory [XForwardedRemoteAddr]
2024-03-31 20:49:12.751 INFO  o.s.c.gateway.route.RouteDefinitionRouteLocator   :89   [32m                  [0;39m Loaded RoutePredicateFactory [Weight]
2024-03-31 20:49:12.751 INFO  o.s.c.gateway.route.RouteDefinitionRouteLocator   :89   [32m                  [0;39m Loaded RoutePredicateFactory [CloudFoundryRouteService]
2024-03-31 20:49:14.412 INFO  org.springframework.cloud.commons.util.InetUtils  :170  [32m                  [0;39m Cannot determine local hostname
2024-03-31 20:49:14.491 INFO  c.lan.train.gateway.config.GatewayApplicationTests:56   [32m                  [0;39m Started GatewayApplicationTests in 6.977 seconds (process running for 8.191)
2024-03-31 20:50:19.906 INFO  org.hibernate.validator.internal.util.Version     :21   [32m                  [0;39m HV000001: Hibernate Validator 8.0.1.Final
2024-03-31 20:50:19.961 INFO  c.lan.train.gateway.config.GatewayApplicationTests:50   [32m                  [0;39m Starting GatewayApplicationTests using Java 17.0.10 with PID 23636 (started by lanla in C:\Users\lanla\Desktop\1\train\gateway)
2024-03-31 20:50:19.962 INFO  c.lan.train.gateway.config.GatewayApplicationTests:654  [32m                  [0;39m No active profile set, falling back to 1 default profile: "default"
2024-03-31 20:50:20.912 INFO  o.springframework.cloud.context.scope.GenericScope:282  [32m                  [0;39m BeanFactory id=fa3a6900-69a5-3bd6-ae33-c3c009ae2fff
2024-03-31 20:50:22.829 INFO  org.springframework.cloud.commons.util.InetUtils  :170  [32m                  [0;39m Cannot determine local hostname
2024-03-31 20:50:23.297 INFO  o.s.c.gateway.route.RouteDefinitionRouteLocator   :89   [32m                  [0;39m Loaded RoutePredicateFactory [After]
2024-03-31 20:50:23.298 INFO  o.s.c.gateway.route.RouteDefinitionRouteLocator   :89   [32m                  [0;39m Loaded RoutePredicateFactory [Before]
2024-03-31 20:50:23.298 INFO  o.s.c.gateway.route.RouteDefinitionRouteLocator   :89   [32m                  [0;39m Loaded RoutePredicateFactory [Between]
2024-03-31 20:50:23.299 INFO  o.s.c.gateway.route.RouteDefinitionRouteLocator   :89   [32m                  [0;39m Loaded RoutePredicateFactory [Cookie]
2024-03-31 20:50:23.300 INFO  o.s.c.gateway.route.RouteDefinitionRouteLocator   :89   [32m                  [0;39m Loaded RoutePredicateFactory [Header]
2024-03-31 20:50:23.301 INFO  o.s.c.gateway.route.RouteDefinitionRouteLocator   :89   [32m                  [0;39m Loaded RoutePredicateFactory [Host]
2024-03-31 20:50:23.301 INFO  o.s.c.gateway.route.RouteDefinitionRouteLocator   :89   [32m                  [0;39m Loaded RoutePredicateFactory [Method]
2024-03-31 20:50:23.301 INFO  o.s.c.gateway.route.RouteDefinitionRouteLocator   :89   [32m                  [0;39m Loaded RoutePredicateFactory [Path]
2024-03-31 20:50:23.302 INFO  o.s.c.gateway.route.RouteDefinitionRouteLocator   :89   [32m                  [0;39m Loaded RoutePredicateFactory [Query]
2024-03-31 20:50:23.303 INFO  o.s.c.gateway.route.RouteDefinitionRouteLocator   :89   [32m                  [0;39m Loaded RoutePredicateFactory [ReadBody]
2024-03-31 20:50:23.303 INFO  o.s.c.gateway.route.RouteDefinitionRouteLocator   :89   [32m                  [0;39m Loaded RoutePredicateFactory [RemoteAddr]
2024-03-31 20:50:23.304 INFO  o.s.c.gateway.route.RouteDefinitionRouteLocator   :89   [32m                  [0;39m Loaded RoutePredicateFactory [XForwardedRemoteAddr]
2024-03-31 20:50:23.304 INFO  o.s.c.gateway.route.RouteDefinitionRouteLocator   :89   [32m                  [0;39m Loaded RoutePredicateFactory [Weight]
2024-03-31 20:50:23.305 INFO  o.s.c.gateway.route.RouteDefinitionRouteLocator   :89   [32m                  [0;39m Loaded RoutePredicateFactory [CloudFoundryRouteService]
2024-03-31 20:50:24.844 INFO  org.springframework.cloud.commons.util.InetUtils  :170  [32m                  [0;39m Cannot determine local hostname
2024-03-31 20:50:24.928 INFO  c.lan.train.gateway.config.GatewayApplicationTests:56   [32m                  [0;39m Started GatewayApplicationTests in 6.684 seconds (process running for 7.68)
2024-03-31 21:56:25.550 INFO  org.hibernate.validator.internal.util.Version     :21   [32m                  [0;39m HV000001: Hibernate Validator 8.0.1.Final
2024-03-31 21:56:25.630 INFO  c.lan.train.gateway.config.GatewayApplicationTests:50   [32m                  [0;39m Starting GatewayApplicationTests using Java 17.0.10 with PID 25168 (started by lanla in C:\Users\lanla\Desktop\1\train\gateway)
2024-03-31 21:56:25.633 INFO  c.lan.train.gateway.config.GatewayApplicationTests:654  [32m                  [0;39m No active profile set, falling back to 1 default profile: "default"
2024-03-31 21:56:26.839 INFO  o.springframework.cloud.context.scope.GenericScope:282  [32m                  [0;39m BeanFactory id=fa3a6900-69a5-3bd6-ae33-c3c009ae2fff
2024-03-31 21:56:28.814 INFO  org.springframework.cloud.commons.util.InetUtils  :170  [32m                  [0;39m Cannot determine local hostname
2024-03-31 21:56:29.321 INFO  o.s.c.gateway.route.RouteDefinitionRouteLocator   :89   [32m                  [0;39m Loaded RoutePredicateFactory [After]
2024-03-31 21:56:29.321 INFO  o.s.c.gateway.route.RouteDefinitionRouteLocator   :89   [32m                  [0;39m Loaded RoutePredicateFactory [Before]
2024-03-31 21:56:29.322 INFO  o.s.c.gateway.route.RouteDefinitionRouteLocator   :89   [32m                  [0;39m Loaded RoutePredicateFactory [Between]
2024-03-31 21:56:29.322 INFO  o.s.c.gateway.route.RouteDefinitionRouteLocator   :89   [32m                  [0;39m Loaded RoutePredicateFactory [Cookie]
2024-03-31 21:56:29.322 INFO  o.s.c.gateway.route.RouteDefinitionRouteLocator   :89   [32m                  [0;39m Loaded RoutePredicateFactory [Header]
2024-03-31 21:56:29.323 INFO  o.s.c.gateway.route.RouteDefinitionRouteLocator   :89   [32m                  [0;39m Loaded RoutePredicateFactory [Host]
2024-03-31 21:56:29.323 INFO  o.s.c.gateway.route.RouteDefinitionRouteLocator   :89   [32m                  [0;39m Loaded RoutePredicateFactory [Method]
2024-03-31 21:56:29.324 INFO  o.s.c.gateway.route.RouteDefinitionRouteLocator   :89   [32m                  [0;39m Loaded RoutePredicateFactory [Path]
2024-03-31 21:56:29.324 INFO  o.s.c.gateway.route.RouteDefinitionRouteLocator   :89   [32m                  [0;39m Loaded RoutePredicateFactory [Query]
2024-03-31 21:56:29.325 INFO  o.s.c.gateway.route.RouteDefinitionRouteLocator   :89   [32m                  [0;39m Loaded RoutePredicateFactory [ReadBody]
2024-03-31 21:56:29.326 INFO  o.s.c.gateway.route.RouteDefinitionRouteLocator   :89   [32m                  [0;39m Loaded RoutePredicateFactory [RemoteAddr]
2024-03-31 21:56:29.326 INFO  o.s.c.gateway.route.RouteDefinitionRouteLocator   :89   [32m                  [0;39m Loaded RoutePredicateFactory [XForwardedRemoteAddr]
2024-03-31 21:56:29.327 INFO  o.s.c.gateway.route.RouteDefinitionRouteLocator   :89   [32m                  [0;39m Loaded RoutePredicateFactory [Weight]
2024-03-31 21:56:29.327 INFO  o.s.c.gateway.route.RouteDefinitionRouteLocator   :89   [32m                  [0;39m Loaded RoutePredicateFactory [CloudFoundryRouteService]
2024-03-31 21:56:30.989 INFO  org.springframework.cloud.commons.util.InetUtils  :170  [32m                  [0;39m Cannot determine local hostname
2024-03-31 21:56:31.116 INFO  c.lan.train.gateway.config.GatewayApplicationTests:56   [32m                  [0;39m Started GatewayApplicationTests in 7.25 seconds (process running for 8.314)
2024-03-31 21:57:28.162 INFO  org.hibernate.validator.internal.util.Version     :21   [32m                  [0;39m HV000001: Hibernate Validator 8.0.1.Final
2024-03-31 21:57:28.235 INFO  c.lan.train.gateway.config.GatewayApplicationTests:50   [32m                  [0;39m Starting GatewayApplicationTests using Java 17.0.10 with PID 27484 (started by lanla in C:\Users\lanla\Desktop\1\train\gateway)
2024-03-31 21:57:28.237 INFO  c.lan.train.gateway.config.GatewayApplicationTests:654  [32m                  [0;39m No active profile set, falling back to 1 default profile: "default"
2024-03-31 21:57:29.433 INFO  o.springframework.cloud.context.scope.GenericScope:282  [32m                  [0;39m BeanFactory id=fa3a6900-69a5-3bd6-ae33-c3c009ae2fff
2024-03-31 21:57:31.457 INFO  org.springframework.cloud.commons.util.InetUtils  :170  [32m                  [0;39m Cannot determine local hostname
2024-03-31 21:57:31.969 INFO  o.s.c.gateway.route.RouteDefinitionRouteLocator   :89   [32m                  [0;39m Loaded RoutePredicateFactory [After]
2024-03-31 21:57:31.970 INFO  o.s.c.gateway.route.RouteDefinitionRouteLocator   :89   [32m                  [0;39m Loaded RoutePredicateFactory [Before]
2024-03-31 21:57:31.971 INFO  o.s.c.gateway.route.RouteDefinitionRouteLocator   :89   [32m                  [0;39m Loaded RoutePredicateFactory [Between]
2024-03-31 21:57:31.971 INFO  o.s.c.gateway.route.RouteDefinitionRouteLocator   :89   [32m                  [0;39m Loaded RoutePredicateFactory [Cookie]
2024-03-31 21:57:31.972 INFO  o.s.c.gateway.route.RouteDefinitionRouteLocator   :89   [32m                  [0;39m Loaded RoutePredicateFactory [Header]
2024-03-31 21:57:31.972 INFO  o.s.c.gateway.route.RouteDefinitionRouteLocator   :89   [32m                  [0;39m Loaded RoutePredicateFactory [Host]
2024-03-31 21:57:31.972 INFO  o.s.c.gateway.route.RouteDefinitionRouteLocator   :89   [32m                  [0;39m Loaded RoutePredicateFactory [Method]
2024-03-31 21:57:31.973 INFO  o.s.c.gateway.route.RouteDefinitionRouteLocator   :89   [32m                  [0;39m Loaded RoutePredicateFactory [Path]
2024-03-31 21:57:31.973 INFO  o.s.c.gateway.route.RouteDefinitionRouteLocator   :89   [32m                  [0;39m Loaded RoutePredicateFactory [Query]
2024-03-31 21:57:31.974 INFO  o.s.c.gateway.route.RouteDefinitionRouteLocator   :89   [32m                  [0;39m Loaded RoutePredicateFactory [ReadBody]
2024-03-31 21:57:31.974 INFO  o.s.c.gateway.route.RouteDefinitionRouteLocator   :89   [32m                  [0;39m Loaded RoutePredicateFactory [RemoteAddr]
2024-03-31 21:57:31.974 INFO  o.s.c.gateway.route.RouteDefinitionRouteLocator   :89   [32m                  [0;39m Loaded RoutePredicateFactory [XForwardedRemoteAddr]
2024-03-31 21:57:31.974 INFO  o.s.c.gateway.route.RouteDefinitionRouteLocator   :89   [32m                  [0;39m Loaded RoutePredicateFactory [Weight]
2024-03-31 21:57:31.974 INFO  o.s.c.gateway.route.RouteDefinitionRouteLocator   :89   [32m                  [0;39m Loaded RoutePredicateFactory [CloudFoundryRouteService]
2024-03-31 21:57:33.697 INFO  org.springframework.cloud.commons.util.InetUtils  :170  [32m                  [0;39m Cannot determine local hostname
2024-03-31 21:57:33.803 INFO  c.lan.train.gateway.config.GatewayApplicationTests:56   [32m                  [0;39m Started GatewayApplicationTests in 7.589 seconds (process running for 9.044)
